<!DOCTYPE html PUBLIC "-//W3C//DTD XHTML 1.1//EN" "https://www.w3.org/TR/xhtml11/DTD/xhtml11.dtd">
<html xmlns="https://www.w3.org/1999/xhtml">
<head>
<meta http-equiv="content-type" content="text/html; charset=UTF-8"/>
<title>TestNG Report</title>
<style type="text/css">table {margin-bottom:10px;border-collapse:collapse;empty-cells:show}th,td {border:1px solid #009;padding:.25em .5em}th {vertical-align:bottom}td {vertical-align:top}table a {font-weight:bold}.stripe td {background-color: #E6EBF9}.num {text-align:right}.passedodd td {background-color: #3F3}.passedeven td {background-color: #0A0}.skippedodd td {background-color: #DDD}.skippedeven td {background-color: #CCC}.failedodd td,.attn {background-color: #F33}.failedeven td,.stripe .attn {background-color: #D00}.stacktrace {white-space:pre;font-family:monospace}.totop {font-size:85%;text-align:center;border-bottom:2px solid #000}.invisible {display:none}</style>
</head>
<body>
<table>
<tr><th>Test</th><th># Passed</th><th># Skipped</th><th># Retried</th><th># Failed</th><th>Time (ms)</th><th>Included Groups</th><th>Excluded Groups</th></tr>
<tr><th colspan="8">RegressionSuite</th></tr>
<tr><td><a href="#t0">EdgeTest</a></td><td class="num">0</td><td class="num attn">8</td><td class="num">0</td><td class="num">0</td><td class="num">152</td><td></td><td></td></tr>
<tr class="stripe"><td><a href="#t1">ChormeTest</a></td><td class="num">0</td><td class="num attn">2</td><td class="num">0</td><td class="num attn">6</td><td class="num">26,058</td><td></td><td></td></tr>
<tr><td><a href="#t2">FirefoxTest</a></td><td class="num">0</td><td class="num attn">2</td><td class="num">0</td><td class="num attn">6</td><td class="num">26,899</td><td></td><td></td></tr>
<tr><th>Total</th><th class="num">0</th><th class="num attn">12</th><th class="num">0</th><th class="num attn">12</th><th class="num">53,109</th><th colspan="2"></th></tr>
</table>
<table id='summary'><thead><tr><th>Class</th><th>Method</th><th>Start</th><th>Time (ms)</th></tr></thead><tbody><tr><th colspan="4">RegressionSuite</th></tr></tbody><tbody id="t0"><tr><th colspan="4">EdgeTest &#8212; failed (configuration methods)</th></tr><tr class="failedeven"><td rowspan="1">tests.AmezonTest</td><td><a href="#m0">launchBrowser</a></td><td rowspan="1">1715193418879</td><td rowspan="1">18</td></tr><tr><th colspan="4">EdgeTest &#8212; skipped (configuration methods)</th></tr><tr class="skippedeven"><td rowspan="7">tests.AmezonTest</td><td><a href="#m1">afterClass</a></td><td rowspan="1">1715193418981</td><td rowspan="1">0</td></tr><tr class="skippedeven"><td><a href="#m2">captureScreenshotOfFailedTest</a></td><td rowspan="2">1715193418980</td><td rowspan="2">0</td></tr><tr class="skippedeven"><td><a href="#m3">captureScreenshotOfFailedTest</a></td></tr><tr class="skippedeven"><td><a href="#m4">closedBrowser</a></td><td rowspan="1">1715193419012</td><td rowspan="1">0</td></tr><tr class="skippedeven"><td><a href="#m5">initilizePOMClasses</a></td><td rowspan="1">1715193418940</td><td rowspan="1">0</td></tr><tr class="skippedeven"><td><a href="#m6">lauchFrogotPasswordPage</a></td><td rowspan="2">1715193418973</td><td rowspan="2">0</td></tr><tr class="skippedeven"><td><a href="#m7">lauchFrogotPasswordPage</a></td></tr><tr class="skippedodd"><td rowspan="16">tests.AmezonTest_2</td><td><a href="#m8">afterClass</a></td><td rowspan="1">1715193419009</td><td rowspan="1">0</td></tr><tr class="skippedodd"><td><a href="#m9">captureScreenshotOfFailedTest</a></td><td rowspan="6">1715193418981</td><td rowspan="6">0</td></tr><tr class="skippedodd"><td><a href="#m10">captureScreenshotOfFailedTest</a></td></tr><tr class="skippedodd"><td><a href="#m11">captureScreenshotOfFailedTest</a></td></tr><tr class="skippedodd"><td><a href="#m12">captureScreenshotOfFailedTest</a></td></tr><tr class="skippedodd"><td><a href="#m13">captureScreenshotOfFailedTest</a></td></tr><tr class="skippedodd"><td><a href="#m14">captureScreenshotOfFailedTest</a></td></tr><tr class="skippedodd"><td><a href="#m15">closedBrowser</a></td><td rowspan="1">1715193419013</td><td rowspan="1">0</td></tr><tr class="skippedodd"><td><a href="#m16">initilizePOMClasses</a></td><td rowspan="1">1715193418940</td><td rowspan="1">0</td></tr><tr class="skippedodd"><td><a href="#m17">lauchFrogotPasswordPage</a></td><td rowspan="6">1715193418982</td><td rowspan="6">0</td></tr><tr class="skippedodd"><td><a href="#m18">lauchFrogotPasswordPage</a></td></tr><tr class="skippedodd"><td><a href="#m19">lauchFrogotPasswordPage</a></td></tr><tr class="skippedodd"><td><a href="#m20">lauchFrogotPasswordPage</a></td></tr><tr class="skippedodd"><td><a href="#m21">lauchFrogotPasswordPage</a></td></tr><tr class="skippedodd"><td><a href="#m22">lauchFrogotPasswordPage</a></td></tr><tr class="skippedodd"><td><a href="#m23">launchBrowser</a></td><td rowspan="1">1715193418910</td><td rowspan="1">0</td></tr><tr><th colspan="4">EdgeTest &#8212; skipped</th></tr><tr class="skippedeven"><td rowspan="2">tests.AmezonTest</td><td><a href="#m24">verifyErrorMessageWhenPasswordFunctilotyIsUSed</a></td><td rowspan="1">1715193418962</td><td rowspan="1">0</td></tr><tr class="skippedeven"><td><a href="#m25">verifyPasswordShouldBeChangedSuccessfully</a></td><td rowspan="1">1715193418975</td><td rowspan="1">0</td></tr><tr class="skippedodd"><td rowspan="6">tests.AmezonTest_2</td><td><a href="#m26">verifyErrorMessageWhenPasswordFunctilotyIsUSed</a></td><td rowspan="1">1715193418962</td><td rowspan="1">0</td></tr><tr class="skippedodd"><td><a href="#m27">verifyPasswordShouldBeChangedSuccessfully</a></td><td rowspan="5">1715193418990</td><td rowspan="5">0</td></tr><tr class="skippedodd"><td><a href="#m28">verifyPasswordShouldBeChangedSuccessfully</a></td></tr><tr class="skippedodd"><td><a href="#m29">verifyPasswordShouldBeChangedSuccessfully</a></td></tr><tr class="skippedodd"><td><a href="#m30">verifyPasswordShouldBeChangedSuccessfully</a></td></tr><tr class="skippedodd"><td><a href="#m31">verifyPasswordShouldBeChangedSuccessfully</a></td></tr></tbody>
<tbody id="t1"><tr><th colspan="4">ChormeTest &#8212; failed (configuration methods)</th></tr><tr class="failedeven"><td rowspan="1">tests.AmezonTest</td><td><a href="#m32">lauchFrogotPasswordPage</a></td><td rowspan="1">1715193443700</td><td rowspan="1">1209</td></tr><tr><th colspan="4">ChormeTest &#8212; failed</th></tr><tr class="failedeven"><td rowspan="6">tests.AmezonTest_2</td><td><a href="#m33">verifyErrorMessageWhenPasswordFunctilotyIsUSed</a></td><td rowspan="1">1715193432000</td><td rowspan="1">120</td></tr><tr class="failedeven"><td><a href="#m34">verifyPasswordShouldBeChangedSuccessfully</a></td><td rowspan="5">1715193440998</td><td rowspan="5">138</td></tr><tr class="failedeven"><td><a href="#m35">verifyPasswordShouldBeChangedSuccessfully</a></td></tr><tr class="failedeven"><td><a href="#m36">verifyPasswordShouldBeChangedSuccessfully</a></td></tr><tr class="failedeven"><td><a href="#m37">verifyPasswordShouldBeChangedSuccessfully</a></td></tr><tr class="failedeven"><td><a href="#m38">verifyPasswordShouldBeChangedSuccessfully</a></td></tr><tr><th colspan="4">ChormeTest &#8212; skipped (configuration methods)</th></tr><tr class="skippedeven"><td rowspan="5">tests.AmezonTest</td><td><a href="#m39">afterClass</a></td><td rowspan="1">1715193444919</td><td rowspan="1">0</td></tr><tr class="skippedeven"><td><a href="#m40">captureScreenshotOfFailedTest</a></td><td rowspan="2">1715193444912</td><td rowspan="2">0</td></tr><tr class="skippedeven"><td><a href="#m41">captureScreenshotOfFailedTest</a></td></tr><tr class="skippedeven"><td><a href="#m42">closedBrowser</a></td><td rowspan="1">1715193444920</td><td rowspan="1">0</td></tr><tr class="skippedeven"><td><a href="#m43">lauchFrogotPasswordPage</a></td><td rowspan="1">1715193444913</td><td rowspan="1">0</td></tr><tr class="skippedodd"><td rowspan="1">tests.AmezonTest_2</td><td><a href="#m44">closedBrowser</a></td><td rowspan="1">1715193444921</td><td rowspan="1">0</td></tr><tr><th colspan="4">ChormeTest &#8212; skipped</th></tr><tr class="skippedeven"><td rowspan="2">tests.AmezonTest</td><td><a href="#m45">verifyErrorMessageWhenPasswordFunctilotyIsUSed</a></td><td rowspan="1">1715193444911</td><td rowspan="1">0</td></tr><tr class="skippedeven"><td><a href="#m46">verifyPasswordShouldBeChangedSuccessfully</a></td><td rowspan="1">1715193444914</td><td rowspan="1">0</td></tr></tbody>
<tbody id="t2"><tr><th colspan="4">FirefoxTest &#8212; failed (configuration methods)</th></tr><tr class="failedeven"><td rowspan="1">tests.AmezonTest</td><td><a href="#m47">lauchFrogotPasswordPage</a></td><td rowspan="1">1715193431965</td><td rowspan="1">1272</td></tr><tr><th colspan="4">FirefoxTest &#8212; failed</th></tr><tr class="failedeven"><td rowspan="6">tests.AmezonTest_2</td><td><a href="#m48">verifyErrorMessageWhenPasswordFunctilotyIsUSed</a></td><td rowspan="1">1715193434639</td><td rowspan="1">102</td></tr><tr class="failedeven"><td><a href="#m49">verifyPasswordShouldBeChangedSuccessfully</a></td><td rowspan="5">1715193438959</td><td rowspan="5">125</td></tr><tr class="failedeven"><td><a href="#m50">verifyPasswordShouldBeChangedSuccessfully</a></td></tr><tr class="failedeven"><td><a href="#m51">verifyPasswordShouldBeChangedSuccessfully</a></td></tr><tr class="failedeven"><td><a href="#m52">verifyPasswordShouldBeChangedSuccessfully</a></td></tr><tr class="failedeven"><td><a href="#m53">verifyPasswordShouldBeChangedSuccessfully</a></td></tr><tr><th colspan="4">FirefoxTest &#8212; skipped (configuration methods)</th></tr><tr class="skippedeven"><td rowspan="5">tests.AmezonTest</td><td><a href="#m54">afterClass</a></td><td rowspan="1">1715193433248</td><td rowspan="1">0</td></tr><tr class="skippedeven"><td><a href="#m55">captureScreenshotOfFailedTest</a></td><td rowspan="2">1715193433247</td><td rowspan="2">0</td></tr><tr class="skippedeven"><td><a href="#m56">captureScreenshotOfFailedTest</a></td></tr><tr class="skippedeven"><td><a href="#m57">closedBrowser</a></td><td rowspan="1">1715193445761</td><td rowspan="1">0</td></tr><tr class="skippedeven"><td><a href="#m58">lauchFrogotPasswordPage</a></td><td rowspan="1">1715193433242</td><td rowspan="1">0</td></tr><tr class="skippedodd"><td rowspan="1">tests.AmezonTest_2</td><td><a href="#m59">closedBrowser</a></td><td rowspan="1">1715193445762</td><td rowspan="1">0</td></tr><tr><th colspan="4">FirefoxTest &#8212; skipped</th></tr><tr class="skippedeven"><td rowspan="2">tests.AmezonTest</td><td><a href="#m60">verifyErrorMessageWhenPasswordFunctilotyIsUSed</a></td><td rowspan="1">1715193433239</td><td rowspan="1">0</td></tr><tr class="skippedeven"><td><a href="#m61">verifyPasswordShouldBeChangedSuccessfully</a></td><td rowspan="1">1715193433243</td><td rowspan="1">0</td></tr></tbody>
</table>
<h2>EdgeTest</h2><h3 id="m0">tests.AmezonTest#launchBrowser</h3><table class="result"><tr class="param"><th>Parameter #1</th></tr><tr class="param stripe"><td>Edge</td></tr><tr><th>Exception</th></tr><tr><td><div class="stacktrace">java.lang.NullPointerException: Cannot invoke &quot;org.openqa.selenium.WebDriver.manage()&quot; because &quot;this.driver&quot; is null
	at tests.AmezonTest.launchBrowser(AmezonTest.java:40)
	at java.base/java.util.concurrent.FutureTask.run(FutureTask.java:264)
	at java.base/java.util.concurrent.ThreadPoolExecutor.runWorker(ThreadPoolExecutor.java:1136)
	at java.base/java.util.concurrent.ThreadPoolExecutor$Worker.run(ThreadPoolExecutor.java:635)
	at java.base/java.lang.Thread.run(Thread.java:833)
... Removed 12 stack frames</div></td></tr></table><p class="totop"><a href="#summary">back to summary</a></p>
<h3 id="m1">tests.AmezonTest#afterClass</h3><table class="result"><tr><th class="invisible"/></tr></table><p class="totop"><a href="#summary">back to summary</a></p>
<h3 id="m2">tests.AmezonTest#captureScreenshotOfFailedTest</h3><table class="result"><tr><th class="invisible"/></tr></table><p class="totop"><a href="#summary">back to summary</a></p>
<h3 id="m3">tests.AmezonTest#captureScreenshotOfFailedTest</h3><table class="result"><tr><th class="invisible"/></tr></table><p class="totop"><a href="#summary">back to summary</a></p>
<h3 id="m4">tests.AmezonTest#closedBrowser</h3><table class="result"><tr><th class="invisible"/></tr></table><p class="totop"><a href="#summary">back to summary</a></p>
<h3 id="m5">tests.AmezonTest#initilizePOMClasses</h3><table class="result"><tr><th class="invisible"/></tr></table><p class="totop"><a href="#summary">back to summary</a></p>
<h3 id="m6">tests.AmezonTest#lauchFrogotPasswordPage</h3><table class="result"><tr><th class="invisible"/></tr></table><p class="totop"><a href="#summary">back to summary</a></p>
<h3 id="m7">tests.AmezonTest#lauchFrogotPasswordPage</h3><table class="result"><tr><th class="invisible"/></tr></table><p class="totop"><a href="#summary">back to summary</a></p>
<h3 id="m8">tests.AmezonTest_2#afterClass</h3><table class="result"><tr><th class="invisible"/></tr></table><p class="totop"><a href="#summary">back to summary</a></p>
<h3 id="m9">tests.AmezonTest_2#captureScreenshotOfFailedTest</h3><table class="result"><tr><th class="invisible"/></tr></table><p class="totop"><a href="#summary">back to summary</a></p>
<h3 id="m10">tests.AmezonTest_2#captureScreenshotOfFailedTest</h3><table class="result"><tr><th class="invisible"/></tr></table><p class="totop"><a href="#summary">back to summary</a></p>
<h3 id="m11">tests.AmezonTest_2#captureScreenshotOfFailedTest</h3><table class="result"><tr><th class="invisible"/></tr></table><p class="totop"><a href="#summary">back to summary</a></p>
<h3 id="m12">tests.AmezonTest_2#captureScreenshotOfFailedTest</h3><table class="result"><tr><th class="invisible"/></tr></table><p class="totop"><a href="#summary">back to summary</a></p>
<h3 id="m13">tests.AmezonTest_2#captureScreenshotOfFailedTest</h3><table class="result"><tr><th class="invisible"/></tr></table><p class="totop"><a href="#summary">back to summary</a></p>
<h3 id="m14">tests.AmezonTest_2#captureScreenshotOfFailedTest</h3><table class="result"><tr><th class="invisible"/></tr></table><p class="totop"><a href="#summary">back to summary</a></p>
<h3 id="m15">tests.AmezonTest_2#closedBrowser</h3><table class="result"><tr><th class="invisible"/></tr></table><p class="totop"><a href="#summary">back to summary</a></p>
<h3 id="m16">tests.AmezonTest_2#initilizePOMClasses</h3><table class="result"><tr><th class="invisible"/></tr></table><p class="totop"><a href="#summary">back to summary</a></p>
<h3 id="m17">tests.AmezonTest_2#lauchFrogotPasswordPage</h3><table class="result"><tr><th class="invisible"/></tr></table><p class="totop"><a href="#summary">back to summary</a></p>
<h3 id="m18">tests.AmezonTest_2#lauchFrogotPasswordPage</h3><table class="result"><tr><th class="invisible"/></tr></table><p class="totop"><a href="#summary">back to summary</a></p>
<h3 id="m19">tests.AmezonTest_2#lauchFrogotPasswordPage</h3><table class="result"><tr><th class="invisible"/></tr></table><p class="totop"><a href="#summary">back to summary</a></p>
<h3 id="m20">tests.AmezonTest_2#lauchFrogotPasswordPage</h3><table class="result"><tr><th class="invisible"/></tr></table><p class="totop"><a href="#summary">back to summary</a></p>
<h3 id="m21">tests.AmezonTest_2#lauchFrogotPasswordPage</h3><table class="result"><tr><th class="invisible"/></tr></table><p class="totop"><a href="#summary">back to summary</a></p>
<h3 id="m22">tests.AmezonTest_2#lauchFrogotPasswordPage</h3><table class="result"><tr><th class="invisible"/></tr></table><p class="totop"><a href="#summary">back to summary</a></p>
<h3 id="m23">tests.AmezonTest_2#launchBrowser</h3><table class="result"><tr><th class="invisible"/></tr></table><p class="totop"><a href="#summary">back to summary</a></p>
<h3 id="m24">tests.AmezonTest#verifyErrorMessageWhenPasswordFunctilotyIsUSed</h3><table class="result"><tr><th>Exception</th></tr><tr><td><div class="stacktrace">java.lang.NullPointerException: Cannot invoke &quot;org.openqa.selenium.WebDriver.manage()&quot; because &quot;this.driver&quot; is null
	at tests.AmezonTest.launchBrowser(AmezonTest.java:40)
	at java.base/java.util.concurrent.FutureTask.run(FutureTask.java:264)
	at java.base/java.util.concurrent.ThreadPoolExecutor.runWorker(ThreadPoolExecutor.java:1136)
	at java.base/java.util.concurrent.ThreadPoolExecutor$Worker.run(ThreadPoolExecutor.java:635)
	at java.base/java.lang.Thread.run(Thread.java:833)
... Removed 12 stack frames</div></td></tr></table><p class="totop"><a href="#summary">back to summary</a></p>
<h3 id="m25">tests.AmezonTest#verifyPasswordShouldBeChangedSuccessfully</h3><table class="result"><tr><th>Exception</th></tr><tr><td><div class="stacktrace">java.lang.NullPointerException: Cannot invoke &quot;org.openqa.selenium.WebDriver.manage()&quot; because &quot;this.driver&quot; is null
	at tests.AmezonTest.launchBrowser(AmezonTest.java:40)
	at java.base/java.util.concurrent.FutureTask.run(FutureTask.java:264)
	at java.base/java.util.concurrent.ThreadPoolExecutor.runWorker(ThreadPoolExecutor.java:1136)
	at java.base/java.util.concurrent.ThreadPoolExecutor$Worker.run(ThreadPoolExecutor.java:635)
	at java.base/java.lang.Thread.run(Thread.java:833)
... Removed 12 stack frames</div></td></tr></table><p class="totop"><a href="#summary">back to summary</a></p>
<h3 id="m26">tests.AmezonTest_2#verifyErrorMessageWhenPasswordFunctilotyIsUSed</h3><table class="result"><tr><th>Exception</th></tr><tr><td><div class="stacktrace">java.lang.NullPointerException: Cannot invoke &quot;org.openqa.selenium.WebDriver.manage()&quot; because &quot;this.driver&quot; is null
	at tests.AmezonTest.launchBrowser(AmezonTest.java:40)
	at java.base/java.util.concurrent.FutureTask.run(FutureTask.java:264)
	at java.base/java.util.concurrent.ThreadPoolExecutor.runWorker(ThreadPoolExecutor.java:1136)
	at java.base/java.util.concurrent.ThreadPoolExecutor$Worker.run(ThreadPoolExecutor.java:635)
	at java.base/java.lang.Thread.run(Thread.java:833)
... Removed 12 stack frames</div></td></tr></table><p class="totop"><a href="#summary">back to summary</a></p>
<h3 id="m27">tests.AmezonTest_2#verifyPasswordShouldBeChangedSuccessfully</h3><table class="result"><tr><th>Exception</th></tr><tr><td><div class="stacktrace">java.lang.NullPointerException: Cannot invoke &quot;org.openqa.selenium.WebDriver.manage()&quot; because &quot;this.driver&quot; is null
	at tests.AmezonTest.launchBrowser(AmezonTest.java:40)
	at java.base/java.util.concurrent.FutureTask.run(FutureTask.java:264)
	at java.base/java.util.concurrent.ThreadPoolExecutor.runWorker(ThreadPoolExecutor.java:1136)
	at java.base/java.util.concurrent.ThreadPoolExecutor$Worker.run(ThreadPoolExecutor.java:635)
	at java.base/java.lang.Thread.run(Thread.java:833)
... Removed 12 stack frames</div></td></tr></table><p class="totop"><a href="#summary">back to summary</a></p>
<h3 id="m28">tests.AmezonTest_2#verifyPasswordShouldBeChangedSuccessfully</h3><table class="result"><tr><th>Exception</th></tr><tr><td><div class="stacktrace">java.lang.NullPointerException: Cannot invoke &quot;org.openqa.selenium.WebDriver.manage()&quot; because &quot;this.driver&quot; is null
	at tests.AmezonTest.launchBrowser(AmezonTest.java:40)
	at java.base/java.util.concurrent.FutureTask.run(FutureTask.java:264)
	at java.base/java.util.concurrent.ThreadPoolExecutor.runWorker(ThreadPoolExecutor.java:1136)
	at java.base/java.util.concurrent.ThreadPoolExecutor$Worker.run(ThreadPoolExecutor.java:635)
	at java.base/java.lang.Thread.run(Thread.java:833)
... Removed 12 stack frames</div></td></tr></table><p class="totop"><a href="#summary">back to summary</a></p>
<h3 id="m29">tests.AmezonTest_2#verifyPasswordShouldBeChangedSuccessfully</h3><table class="result"><tr><th>Exception</th></tr><tr><td><div class="stacktrace">java.lang.NullPointerException: Cannot invoke &quot;org.openqa.selenium.WebDriver.manage()&quot; because &quot;this.driver&quot; is null
	at tests.AmezonTest.launchBrowser(AmezonTest.java:40)
	at java.base/java.util.concurrent.FutureTask.run(FutureTask.java:264)
	at java.base/java.util.concurrent.ThreadPoolExecutor.runWorker(ThreadPoolExecutor.java:1136)
	at java.base/java.util.concurrent.ThreadPoolExecutor$Worker.run(ThreadPoolExecutor.java:635)
	at java.base/java.lang.Thread.run(Thread.java:833)
... Removed 12 stack frames</div></td></tr></table><p class="totop"><a href="#summary">back to summary</a></p>
<h3 id="m30">tests.AmezonTest_2#verifyPasswordShouldBeChangedSuccessfully</h3><table class="result"><tr><th>Exception</th></tr><tr><td><div class="stacktrace">java.lang.NullPointerException: Cannot invoke &quot;org.openqa.selenium.WebDriver.manage()&quot; because &quot;this.driver&quot; is null
	at tests.AmezonTest.launchBrowser(AmezonTest.java:40)
	at java.base/java.util.concurrent.FutureTask.run(FutureTask.java:264)
	at java.base/java.util.concurrent.ThreadPoolExecutor.runWorker(ThreadPoolExecutor.java:1136)
	at java.base/java.util.concurrent.ThreadPoolExecutor$Worker.run(ThreadPoolExecutor.java:635)
	at java.base/java.lang.Thread.run(Thread.java:833)
... Removed 12 stack frames</div></td></tr></table><p class="totop"><a href="#summary">back to summary</a></p>
<h3 id="m31">tests.AmezonTest_2#verifyPasswordShouldBeChangedSuccessfully</h3><table class="result"><tr><th>Exception</th></tr><tr><td><div class="stacktrace">java.lang.NullPointerException: Cannot invoke &quot;org.openqa.selenium.WebDriver.manage()&quot; because &quot;this.driver&quot; is null
	at tests.AmezonTest.launchBrowser(AmezonTest.java:40)
	at java.base/java.util.concurrent.FutureTask.run(FutureTask.java:264)
	at java.base/java.util.concurrent.ThreadPoolExecutor.runWorker(ThreadPoolExecutor.java:1136)
	at java.base/java.util.concurrent.ThreadPoolExecutor$Worker.run(ThreadPoolExecutor.java:635)
	at java.base/java.lang.Thread.run(Thread.java:833)
... Removed 12 stack frames</div></td></tr></table><p class="totop"><a href="#summary">back to summary</a></p>
<h2>ChormeTest</h2><h3 id="m32">tests.AmezonTest#lauchFrogotPasswordPage</h3><table class="result"><tr><th>Exception</th></tr><tr><td><div class="stacktrace">java.lang.Error: Unresolved compilation problem: 
	Syntax error, insert &quot;;&quot; to complete BlockStatements

	at utils.Utility.getDataExcelSheet(Utility.java:14)
	at tests.AmezonTest.lauchFrogotPasswordPage(AmezonTest.java:54)
	at java.base/java.util.ArrayList.forEach(ArrayList.java:1511)
	at java.base/java.util.concurrent.FutureTask.run(FutureTask.java:264)
	at java.base/java.util.concurrent.ThreadPoolExecutor.runWorker(ThreadPoolExecutor.java:1136)
	at java.base/java.util.concurrent.ThreadPoolExecutor$Worker.run(ThreadPoolExecutor.java:635)
	at java.base/java.lang.Thread.run(Thread.java:833)
... Removed 19 stack frames</div></td></tr></table><p class="totop"><a href="#summary">back to summary</a></p>
<h3 id="m33">tests.AmezonTest_2#verifyErrorMessageWhenPasswordFunctilotyIsUSed</h3><table class="result"><tr><th>Exception</th></tr><tr><td><div class="stacktrace">org.openqa.selenium.InvalidElementStateException: invalid element state
  (Session info: chrome=124.0.6367.119)
Build info: version: &apos;4.19.1&apos;, revision: &apos;abe0ee07dc&apos;
System info: os.name: &apos;Windows 11&apos;, os.arch: &apos;amd64&apos;, os.version: &apos;10.0&apos;, java.version: &apos;18.0.1.1&apos;
Driver info: org.openqa.selenium.chrome.ChromeDriver
Command: [729625451f783cbf89ec653029aad696, clearElement {id=f.99C737050280B809B77820708288259B.d.AB0B5BFCB20348B46FBBAFD110196D75.e.24}]
Capabilities {acceptInsecureCerts: false, browserName: chrome, browserVersion: 124.0.6367.119, chrome: {chromedriverVersion: 124.0.6367.155 (df4f029328b..., userDataDir: C:\Users\akash\AppData\Loca...}, fedcm:accounts: true, goog:chromeOptions: {debuggerAddress: localhost:52677}, networkConnectionEnabled: false, pageLoadStrategy: normal, platformName: windows, proxy: Proxy(), se:cdp: ws://localhost:52677/devtoo..., se:cdpVersion: 124.0.6367.119, setWindowRect: true, strictFileInteractability: false, timeouts: {implicit: 0, pageLoad: 300000, script: 30000}, unhandledPromptBehavior: dismiss and notify, webauthn:extension:credBlob: true, webauthn:extension:largeBlob: true, webauthn:extension:minPinLength: true, webauthn:extension:prf: true, webauthn:virtualAuthenticators: true}
Element: [[ChromeDriver: chrome on windows (729625451f783cbf89ec653029aad696)] -&gt; xpath: (//a[@role=&apos;button&apos;])[1]]
Session ID: 729625451f783cbf89ec653029aad696
	at org.openqa.selenium.remote.ErrorCodec.decode(ErrorCodec.java:167)
	at org.openqa.selenium.remote.codec.w3c.W3CHttpResponseCodec.decode(W3CHttpResponseCodec.java:138)
	at org.openqa.selenium.remote.codec.w3c.W3CHttpResponseCodec.decode(W3CHttpResponseCodec.java:50)
	at org.openqa.selenium.remote.HttpCommandExecutor.execute(HttpCommandExecutor.java:190)
	at org.openqa.selenium.remote.service.DriverCommandExecutor.invokeExecute(DriverCommandExecutor.java:216)
	at org.openqa.selenium.remote.service.DriverCommandExecutor.execute(DriverCommandExecutor.java:174)
	at org.openqa.selenium.remote.RemoteWebDriver.execute(RemoteWebDriver.java:518)
	at org.openqa.selenium.remote.RemoteWebElement.execute(RemoteWebElement.java:223)
	at org.openqa.selenium.remote.RemoteWebElement.clear(RemoteWebElement.java:129)
	at org.openqa.selenium.support.pagefactory.internal.LocatingElementHandler.invoke(LocatingElementHandler.java:51)
	at jdk.proxy2/jdk.proxy2.$Proxy17.clear(Unknown Source)
	at pom.ForgotPassword.clickOnCanceleButton(ForgotPassword.java:38)
	at tests.AmezonTest_2.verifyErrorMessageWhenPasswordFunctilotyIsUSed(AmezonTest_2.java:87)
	at java.base/java.util.ArrayList.forEach(ArrayList.java:1511)
	at java.base/java.util.concurrent.FutureTask.run(FutureTask.java:264)
	at java.base/java.util.concurrent.ThreadPoolExecutor.runWorker(ThreadPoolExecutor.java:1136)
	at java.base/java.util.concurrent.ThreadPoolExecutor$Worker.run(ThreadPoolExecutor.java:635)
	at java.base/java.lang.Thread.run(Thread.java:833)
... Removed 20 stack frames</div></td></tr></table><p class="totop"><a href="#summary">back to summary</a></p>
<h3 id="m34">tests.AmezonTest_2#verifyPasswordShouldBeChangedSuccessfully</h3><table class="result"><tr><th>Exception</th></tr><tr><td><div class="stacktrace">java.lang.Error: Unresolved compilation problem: 
	Syntax error, insert &quot;;&quot; to complete BlockStatements

	at utils.Utility.getDataExcelSheet(Utility.java:14)
	at tests.AmezonTest_2.verifyPasswordShouldBeChangedSuccessfully(AmezonTest_2.java:76)
	at java.base/java.util.ArrayList.forEach(ArrayList.java:1511)
	at java.base/java.util.concurrent.FutureTask.run(FutureTask.java:264)
	at java.base/java.util.concurrent.ThreadPoolExecutor.runWorker(ThreadPoolExecutor.java:1136)
	at java.base/java.util.concurrent.ThreadPoolExecutor$Worker.run(ThreadPoolExecutor.java:635)
	at java.base/java.lang.Thread.run(Thread.java:833)
... Removed 15 stack frames</div></td></tr></table><p class="totop"><a href="#summary">back to summary</a></p>
<h3 id="m35">tests.AmezonTest_2#verifyPasswordShouldBeChangedSuccessfully</h3><table class="result"><tr><th>Exception</th></tr><tr><td><div class="stacktrace">java.lang.Error: Unresolved compilation problem: 
	Syntax error, insert &quot;;&quot; to complete BlockStatements

	at utils.Utility.getDataExcelSheet(Utility.java:14)
	at tests.AmezonTest_2.verifyPasswordShouldBeChangedSuccessfully(AmezonTest_2.java:76)
	at java.base/java.util.ArrayList.forEach(ArrayList.java:1511)
	at java.base/java.util.concurrent.FutureTask.run(FutureTask.java:264)
	at java.base/java.util.concurrent.ThreadPoolExecutor.runWorker(ThreadPoolExecutor.java:1136)
	at java.base/java.util.concurrent.ThreadPoolExecutor$Worker.run(ThreadPoolExecutor.java:635)
	at java.base/java.lang.Thread.run(Thread.java:833)
... Removed 15 stack frames</div></td></tr></table><p class="totop"><a href="#summary">back to summary</a></p>
<h3 id="m36">tests.AmezonTest_2#verifyPasswordShouldBeChangedSuccessfully</h3><table class="result"><tr><th>Exception</th></tr><tr><td><div class="stacktrace">java.lang.Error: Unresolved compilation problem: 
	Syntax error, insert &quot;;&quot; to complete BlockStatements

	at utils.Utility.getDataExcelSheet(Utility.java:14)
	at tests.AmezonTest_2.verifyPasswordShouldBeChangedSuccessfully(AmezonTest_2.java:76)
	at java.base/java.util.ArrayList.forEach(ArrayList.java:1511)
	at java.base/java.util.concurrent.FutureTask.run(FutureTask.java:264)
	at java.base/java.util.concurrent.ThreadPoolExecutor.runWorker(ThreadPoolExecutor.java:1136)
	at java.base/java.util.concurrent.ThreadPoolExecutor$Worker.run(ThreadPoolExecutor.java:635)
	at java.base/java.lang.Thread.run(Thread.java:833)
... Removed 15 stack frames</div></td></tr></table><p class="totop"><a href="#summary">back to summary</a></p>
<h3 id="m37">tests.AmezonTest_2#verifyPasswordShouldBeChangedSuccessfully</h3><table class="result"><tr><th>Exception</th></tr><tr><td><div class="stacktrace">java.lang.Error: Unresolved compilation problem: 
	Syntax error, insert &quot;;&quot; to complete BlockStatements

	at utils.Utility.getDataExcelSheet(Utility.java:14)
	at tests.AmezonTest_2.verifyPasswordShouldBeChangedSuccessfully(AmezonTest_2.java:76)
	at java.base/java.util.ArrayList.forEach(ArrayList.java:1511)
	at java.base/java.util.concurrent.FutureTask.run(FutureTask.java:264)
	at java.base/java.util.concurrent.ThreadPoolExecutor.runWorker(ThreadPoolExecutor.java:1136)
	at java.base/java.util.concurrent.ThreadPoolExecutor$Worker.run(ThreadPoolExecutor.java:635)
	at java.base/java.lang.Thread.run(Thread.java:833)
... Removed 15 stack frames</div></td></tr></table><p class="totop"><a href="#summary">back to summary</a></p>
<h3 id="m38">tests.AmezonTest_2#verifyPasswordShouldBeChangedSuccessfully</h3><table class="result"><tr><th>Exception</th></tr><tr><td><div class="stacktrace">java.lang.Error: Unresolved compilation problem: 
	Syntax error, insert &quot;;&quot; to complete BlockStatements

	at utils.Utility.getDataExcelSheet(Utility.java:14)
	at tests.AmezonTest_2.verifyPasswordShouldBeChangedSuccessfully(AmezonTest_2.java:76)
	at java.base/java.util.ArrayList.forEach(ArrayList.java:1511)
	at java.base/java.util.concurrent.FutureTask.run(FutureTask.java:264)
	at java.base/java.util.concurrent.ThreadPoolExecutor.runWorker(ThreadPoolExecutor.java:1136)
	at java.base/java.util.concurrent.ThreadPoolExecutor$Worker.run(ThreadPoolExecutor.java:635)
	at java.base/java.lang.Thread.run(Thread.java:833)
... Removed 15 stack frames</div></td></tr></table><p class="totop"><a href="#summary">back to summary</a></p>
<h3 id="m39">tests.AmezonTest#afterClass</h3><table class="result"><tr><th class="invisible"/></tr></table><p class="totop"><a href="#summary">back to summary</a></p>
<h3 id="m40">tests.AmezonTest#captureScreenshotOfFailedTest</h3><table class="result"><tr><th class="invisible"/></tr></table><p class="totop"><a href="#summary">back to summary</a></p>
<h3 id="m41">tests.AmezonTest#captureScreenshotOfFailedTest</h3><table class="result"><tr><th class="invisible"/></tr></table><p class="totop"><a href="#summary">back to summary</a></p>
<h3 id="m42">tests.AmezonTest#closedBrowser</h3><table class="result"><tr><th class="invisible"/></tr></table><p class="totop"><a href="#summary">back to summary</a></p>
<h3 id="m43">tests.AmezonTest#lauchFrogotPasswordPage</h3><table class="result"><tr><th class="invisible"/></tr></table><p class="totop"><a href="#summary">back to summary</a></p>
<h3 id="m44">tests.AmezonTest_2#closedBrowser</h3><table class="result"><tr><th class="invisible"/></tr></table><p class="totop"><a href="#summary">back to summary</a></p>
<h3 id="m45">tests.AmezonTest#verifyErrorMessageWhenPasswordFunctilotyIsUSed</h3><table class="result"><tr><th>Exception</th></tr><tr><td><div class="stacktrace">java.lang.Error: Unresolved compilation problem: 
	Syntax error, insert &quot;;&quot; to complete BlockStatements

	at utils.Utility.getDataExcelSheet(Utility.java:14)
	at tests.AmezonTest.lauchFrogotPasswordPage(AmezonTest.java:54)
	at java.base/java.util.ArrayList.forEach(ArrayList.java:1511)
	at java.base/java.util.concurrent.FutureTask.run(FutureTask.java:264)
	at java.base/java.util.concurrent.ThreadPoolExecutor.runWorker(ThreadPoolExecutor.java:1136)
	at java.base/java.util.concurrent.ThreadPoolExecutor$Worker.run(ThreadPoolExecutor.java:635)
	at java.base/java.lang.Thread.run(Thread.java:833)
... Removed 19 stack frames</div></td></tr></table><p class="totop"><a href="#summary">back to summary</a></p>
<h3 id="m46">tests.AmezonTest#verifyPasswordShouldBeChangedSuccessfully</h3><table class="result"><tr><th>Exception</th></tr><tr><td><div class="stacktrace">java.lang.Error: Unresolved compilation problem: 
	Syntax error, insert &quot;;&quot; to complete BlockStatements

	at utils.Utility.getDataExcelSheet(Utility.java:14)
	at tests.AmezonTest.lauchFrogotPasswordPage(AmezonTest.java:54)
	at java.base/java.util.ArrayList.forEach(ArrayList.java:1511)
	at java.base/java.util.concurrent.FutureTask.run(FutureTask.java:264)
	at java.base/java.util.concurrent.ThreadPoolExecutor.runWorker(ThreadPoolExecutor.java:1136)
	at java.base/java.util.concurrent.ThreadPoolExecutor$Worker.run(ThreadPoolExecutor.java:635)
	at java.base/java.lang.Thread.run(Thread.java:833)
... Removed 19 stack frames</div></td></tr></table><p class="totop"><a href="#summary">back to summary</a></p>
<h2>FirefoxTest</h2><h3 id="m47">tests.AmezonTest#lauchFrogotPasswordPage</h3><table class="result"><tr><th>Exception</th></tr><tr><td><div class="stacktrace">java.lang.Error: Unresolved compilation problem: 
	Syntax error, insert &quot;;&quot; to complete BlockStatements

	at utils.Utility.getDataExcelSheet(Utility.java:14)
	at tests.AmezonTest.lauchFrogotPasswordPage(AmezonTest.java:54)
	at java.base/java.util.concurrent.Executors$RunnableAdapter.call(Executors.java:539)
	at java.base/java.util.concurrent.FutureTask.run(FutureTask.java:264)
	at java.base/java.util.concurrent.ThreadPoolExecutor.runWorker(ThreadPoolExecutor.java:1136)
	at java.base/java.util.concurrent.ThreadPoolExecutor$Worker.run(ThreadPoolExecutor.java:635)
	at java.base/java.lang.Thread.run(Thread.java:833)
... Removed 15 stack frames</div></td></tr></table><p class="totop"><a href="#summary">back to summary</a></p>
<h3 id="m48">tests.AmezonTest_2#verifyErrorMessageWhenPasswordFunctilotyIsUSed</h3><table class="result"><tr><th>Exception</th></tr><tr><td><div class="stacktrace">org.openqa.selenium.InvalidElementStateException: invalid element state
  (Session info: chrome=124.0.6367.119)
Build info: version: &apos;4.19.1&apos;, revision: &apos;abe0ee07dc&apos;
System info: os.name: &apos;Windows 11&apos;, os.arch: &apos;amd64&apos;, os.version: &apos;10.0&apos;, java.version: &apos;18.0.1.1&apos;
Driver info: org.openqa.selenium.chrome.ChromeDriver
Command: [be7dbaa6ecebe2198da6efa75e5bde89, clearElement {id=f.E757FBDBBBBD0AAAD6176CBE77FEDEF7.d.BDB1BFB57BA23A2A8A2E1C27B74ECF77.e.24}]
Capabilities {acceptInsecureCerts: false, browserName: chrome, browserVersion: 124.0.6367.119, chrome: {chromedriverVersion: 124.0.6367.155 (df4f029328b..., userDataDir: C:\Users\akash\AppData\Loca...}, fedcm:accounts: true, goog:chromeOptions: {debuggerAddress: localhost:52704}, networkConnectionEnabled: false, pageLoadStrategy: normal, platformName: windows, proxy: Proxy(), se:cdp: ws://localhost:52704/devtoo..., se:cdpVersion: 124.0.6367.119, setWindowRect: true, strictFileInteractability: false, timeouts: {implicit: 0, pageLoad: 300000, script: 30000}, unhandledPromptBehavior: dismiss and notify, webauthn:extension:credBlob: true, webauthn:extension:largeBlob: true, webauthn:extension:minPinLength: true, webauthn:extension:prf: true, webauthn:virtualAuthenticators: true}
Element: [[ChromeDriver: chrome on windows (be7dbaa6ecebe2198da6efa75e5bde89)] -&gt; xpath: (//a[@role=&apos;button&apos;])[1]]
Session ID: be7dbaa6ecebe2198da6efa75e5bde89
	at org.openqa.selenium.remote.ErrorCodec.decode(ErrorCodec.java:167)
	at org.openqa.selenium.remote.codec.w3c.W3CHttpResponseCodec.decode(W3CHttpResponseCodec.java:138)
	at org.openqa.selenium.remote.codec.w3c.W3CHttpResponseCodec.decode(W3CHttpResponseCodec.java:50)
	at org.openqa.selenium.remote.HttpCommandExecutor.execute(HttpCommandExecutor.java:190)
	at org.openqa.selenium.remote.service.DriverCommandExecutor.invokeExecute(DriverCommandExecutor.java:216)
	at org.openqa.selenium.remote.service.DriverCommandExecutor.execute(DriverCommandExecutor.java:174)
	at org.openqa.selenium.remote.RemoteWebDriver.execute(RemoteWebDriver.java:518)
	at org.openqa.selenium.remote.RemoteWebElement.execute(RemoteWebElement.java:223)
	at org.openqa.selenium.remote.RemoteWebElement.clear(RemoteWebElement.java:129)
	at org.openqa.selenium.support.pagefactory.internal.LocatingElementHandler.invoke(LocatingElementHandler.java:51)
	at jdk.proxy2/jdk.proxy2.$Proxy17.clear(Unknown Source)
	at pom.ForgotPassword.clickOnCanceleButton(ForgotPassword.java:38)
	at tests.AmezonTest_2.verifyErrorMessageWhenPasswordFunctilotyIsUSed(AmezonTest_2.java:87)
	at java.base/java.util.concurrent.Executors$RunnableAdapter.call(Executors.java:539)
	at java.base/java.util.concurrent.FutureTask.run(FutureTask.java:264)
	at java.base/java.util.concurrent.ThreadPoolExecutor.runWorker(ThreadPoolExecutor.java:1136)
	at java.base/java.util.concurrent.ThreadPoolExecutor$Worker.run(ThreadPoolExecutor.java:635)
	at java.base/java.lang.Thread.run(Thread.java:833)
... Removed 16 stack frames</div></td></tr></table><p class="totop"><a href="#summary">back to summary</a></p>
<h3 id="m49">tests.AmezonTest_2#verifyPasswordShouldBeChangedSuccessfully</h3><table class="result"><tr><th>Exception</th></tr><tr><td><div class="stacktrace">java.lang.Error: Unresolved compilation problem: 
	Syntax error, insert &quot;;&quot; to complete BlockStatements

	at utils.Utility.getDataExcelSheet(Utility.java:14)
	at tests.AmezonTest_2.verifyPasswordShouldBeChangedSuccessfully(AmezonTest_2.java:76)
	at java.base/java.util.concurrent.Executors$RunnableAdapter.call(Executors.java:539)
	at java.base/java.util.concurrent.FutureTask.run(FutureTask.java:264)
	at java.base/java.util.concurrent.ThreadPoolExecutor.runWorker(ThreadPoolExecutor.java:1136)
	at java.base/java.util.concurrent.ThreadPoolExecutor$Worker.run(ThreadPoolExecutor.java:635)
	at java.base/java.lang.Thread.run(Thread.java:833)
... Removed 11 stack frames</div></td></tr></table><p class="totop"><a href="#summary">back to summary</a></p>
<h3 id="m50">tests.AmezonTest_2#verifyPasswordShouldBeChangedSuccessfully</h3><table class="result"><tr><th>Exception</th></tr><tr><td><div class="stacktrace">java.lang.Error: Unresolved compilation problem: 
	Syntax error, insert &quot;;&quot; to complete BlockStatements

	at utils.Utility.getDataExcelSheet(Utility.java:14)
	at tests.AmezonTest_2.verifyPasswordShouldBeChangedSuccessfully(AmezonTest_2.java:76)
	at java.base/java.util.concurrent.Executors$RunnableAdapter.call(Executors.java:539)
	at java.base/java.util.concurrent.FutureTask.run(FutureTask.java:264)
	at java.base/java.util.concurrent.ThreadPoolExecutor.runWorker(ThreadPoolExecutor.java:1136)
	at java.base/java.util.concurrent.ThreadPoolExecutor$Worker.run(ThreadPoolExecutor.java:635)
	at java.base/java.lang.Thread.run(Thread.java:833)
... Removed 11 stack frames</div></td></tr></table><p class="totop"><a href="#summary">back to summary</a></p>
<h3 id="m51">tests.AmezonTest_2#verifyPasswordShouldBeChangedSuccessfully</h3><table class="result"><tr><th>Exception</th></tr><tr><td><div class="stacktrace">java.lang.Error: Unresolved compilation problem: 
	Syntax error, insert &quot;;&quot; to complete BlockStatements

	at utils.Utility.getDataExcelSheet(Utility.java:14)
	at tests.AmezonTest_2.verifyPasswordShouldBeChangedSuccessfully(AmezonTest_2.java:76)
	at java.base/java.util.concurrent.Executors$RunnableAdapter.call(Executors.java:539)
	at java.base/java.util.concurrent.FutureTask.run(FutureTask.java:264)
	at java.base/java.util.concurrent.ThreadPoolExecutor.runWorker(ThreadPoolExecutor.java:1136)
	at java.base/java.util.concurrent.ThreadPoolExecutor$Worker.run(ThreadPoolExecutor.java:635)
	at java.base/java.lang.Thread.run(Thread.java:833)
... Removed 11 stack frames</div></td></tr></table><p class="totop"><a href="#summary">back to summary</a></p>
<h3 id="m52">tests.AmezonTest_2#verifyPasswordShouldBeChangedSuccessfully</h3><table class="result"><tr><th>Exception</th></tr><tr><td><div class="stacktrace">java.lang.Error: Unresolved compilation problem: 
	Syntax error, insert &quot;;&quot; to complete BlockStatements

	at utils.Utility.getDataExcelSheet(Utility.java:14)
	at tests.AmezonTest_2.verifyPasswordShouldBeChangedSuccessfully(AmezonTest_2.java:76)
	at java.base/java.util.concurrent.Executors$RunnableAdapter.call(Executors.java:539)
	at java.base/java.util.concurrent.FutureTask.run(FutureTask.java:264)
	at java.base/java.util.concurrent.ThreadPoolExecutor.runWorker(ThreadPoolExecutor.java:1136)
	at java.base/java.util.concurrent.ThreadPoolExecutor$Worker.run(ThreadPoolExecutor.java:635)
	at java.base/java.lang.Thread.run(Thread.java:833)
... Removed 11 stack frames</div></td></tr></table><p class="totop"><a href="#summary">back to summary</a></p>
<h3 id="m53">tests.AmezonTest_2#verifyPasswordShouldBeChangedSuccessfully</h3><table class="result"><tr><th>Exception</th></tr><tr><td><div class="stacktrace">java.lang.Error: Unresolved compilation problem: 
	Syntax error, insert &quot;;&quot; to complete BlockStatements

	at utils.Utility.getDataExcelSheet(Utility.java:14)
	at tests.AmezonTest_2.verifyPasswordShouldBeChangedSuccessfully(AmezonTest_2.java:76)
	at java.base/java.util.concurrent.Executors$RunnableAdapter.call(Executors.java:539)
	at java.base/java.util.concurrent.FutureTask.run(FutureTask.java:264)
	at java.base/java.util.concurrent.ThreadPoolExecutor.runWorker(ThreadPoolExecutor.java:1136)
	at java.base/java.util.concurrent.ThreadPoolExecutor$Worker.run(ThreadPoolExecutor.java:635)
	at java.base/java.lang.Thread.run(Thread.java:833)
... Removed 11 stack frames</div></td></tr></table><p class="totop"><a href="#summary">back to summary</a></p>
<h3 id="m54">tests.AmezonTest#afterClass</h3><table class="result"><tr><th class="invisible"/></tr></table><p class="totop"><a href="#summary">back to summary</a></p>
<h3 id="m55">tests.AmezonTest#captureScreenshotOfFailedTest</h3><table class="result"><tr><th class="invisible"/></tr></table><p class="totop"><a href="#summary">back to summary</a></p>
<h3 id="m56">tests.AmezonTest#captureScreenshotOfFailedTest</h3><table class="result"><tr><th class="invisible"/></tr></table><p class="totop"><a href="#summary">back to summary</a></p>
<h3 id="m57">tests.AmezonTest#closedBrowser</h3><table class="result"><tr><th class="invisible"/></tr></table><p class="totop"><a href="#summary">back to summary</a></p>
<h3 id="m58">tests.AmezonTest#lauchFrogotPasswordPage</h3><table class="result"><tr><th class="invisible"/></tr></table><p class="totop"><a href="#summary">back to summary</a></p>
<h3 id="m59">tests.AmezonTest_2#closedBrowser</h3><table class="result"><tr><th class="invisible"/></tr></table><p class="totop"><a href="#summary">back to summary</a></p>
<h3 id="m60">tests.AmezonTest#verifyErrorMessageWhenPasswordFunctilotyIsUSed</h3><table class="result"><tr><th>Exception</th></tr><tr><td><div class="stacktrace">java.lang.Error: Unresolved compilation problem: 
	Syntax error, insert &quot;;&quot; to complete BlockStatements

	at utils.Utility.getDataExcelSheet(Utility.java:14)
	at tests.AmezonTest.lauchFrogotPasswordPage(AmezonTest.java:54)
	at java.base/java.util.concurrent.Executors$RunnableAdapter.call(Executors.java:539)
	at java.base/java.util.concurrent.FutureTask.run(FutureTask.java:264)
	at java.base/java.util.concurrent.ThreadPoolExecutor.runWorker(ThreadPoolExecutor.java:1136)
	at java.base/java.util.concurrent.ThreadPoolExecutor$Worker.run(ThreadPoolExecutor.java:635)
	at java.base/java.lang.Thread.run(Thread.java:833)
... Removed 15 stack frames</div></td></tr></table><p class="totop"><a href="#summary">back to summary</a></p>
<h3 id="m61">tests.AmezonTest#verifyPasswordShouldBeChangedSuccessfully</h3><table class="result"><tr><th>Exception</th></tr><tr><td><div class="stacktrace">java.lang.Error: Unresolved compilation problem: 
	Syntax error, insert &quot;;&quot; to complete BlockStatements

	at utils.Utility.getDataExcelSheet(Utility.java:14)
	at tests.AmezonTest.lauchFrogotPasswordPage(AmezonTest.java:54)
	at java.base/java.util.concurrent.Executors$RunnableAdapter.call(Executors.java:539)
	at java.base/java.util.concurrent.FutureTask.run(FutureTask.java:264)
	at java.base/java.util.concurrent.ThreadPoolExecutor.runWorker(ThreadPoolExecutor.java:1136)
	at java.base/java.util.concurrent.ThreadPoolExecutor$Worker.run(ThreadPoolExecutor.java:635)
	at java.base/java.lang.Thread.run(Thread.java:833)
... Removed 15 stack frames</div></td></tr></table><p class="totop"><a href="#summary">back to summary</a></p>
</body>
</html>
