<!DOCTYPE html>

<html>
  <head>
  <meta charset='utf-8'>
  <title>TestNG reports</title>

    <link type="text/css" href="testng-reports1.css" rel="stylesheet" id="ultra" />
    <link type="text/css" href="testng-reports.css" rel="stylesheet" id="retro" disabled="false"/>
    <script type="text/javascript" src="jquery-3.6.0.min.js"></script>
    <script type="text/javascript" src="testng-reports.js"></script>
    <script type="text/javascript" src="https://www.google.com/jsapi"></script>
    <script type='text/javascript'>
      google.load('visualization', '1', {packages:['table']});
      google.setOnLoadCallback(drawTable);
      var suiteTableInitFunctions = new Array();
      var suiteTableData = new Array();
    </script>
    <!--
      <script type="text/javascript" src="jquery-ui/js/jquery-ui-1.8.16.custom.min.js"></script>
     -->
  </head>

  <body>    <div class="top-banner-root">
      <span class="top-banner-title-font">Test results</span>
      <button id="button" class="button">Switch Retro Theme</button> <!-- button -->
      <br/>
      <span class="top-banner-font-1">1 suite, 12 failed tests</span>
    </div> <!-- top-banner-root -->
    <div class="navigator-root">
      <div class="navigator-suite-header">
        <span>All suites</span>
        <a href="#" title="Collapse/expand all the suites" class="collapse-all-link">
          <img src="collapseall.gif" class="collapse-all-icon">
          </img> <!-- collapse-all-icon -->
        </a> <!-- collapse-all-link -->
      </div> <!-- navigator-suite-header -->
      <div class="suite">
        <div class="rounded-window">
          <div class="suite-header light-rounded-window-top">
            <a href="#" panel-name="suite-RegressionSuite" class="navigator-link">
              <span class="suite-name border-failed">RegressionSuite</span>
            </a> <!-- navigator-link -->
          </div> <!-- suite-header light-rounded-window-top -->
          <div class="navigator-suite-content">
            <div class="suite-section-title">
              <span>Info</span>
            </div> <!-- suite-section-title -->
            <div class="suite-section-content">
              <ul>
                <li>
                  <a href="#" panel-name="test-xml-RegressionSuite" class="navigator-link ">
                    <span>C:\Users\akash\eclipse-workspace\2024\23 Dec 2023\Facebook_Functional_Automation\regressionSuite.xml</span>
                  </a> <!-- navigator-link  -->
                </li>
                <li>
                  <a href="#" panel-name="testlist-RegressionSuite" class="navigator-link ">
                    <span class="test-stats">3 tests</span>
                  </a> <!-- navigator-link  -->
                </li>
                <li>
                  <a href="#" panel-name="group-RegressionSuite" class="navigator-link ">
                    <span>0 groups</span>
                  </a> <!-- navigator-link  -->
                </li>
                <li>
                  <a href="#" panel-name="times-RegressionSuite" class="navigator-link ">
                    <span>Times</span>
                  </a> <!-- navigator-link  -->
                </li>
                <li>
                  <a href="#" panel-name="reporter-RegressionSuite" class="navigator-link ">
                    <span>Reporter output</span>
                  </a> <!-- navigator-link  -->
                </li>
                <li>
                  <a href="#" panel-name="ignored-methods-RegressionSuite" class="navigator-link ">
                    <span>Ignored methods</span>
                  </a> <!-- navigator-link  -->
                </li>
                <li>
                  <a href="#" panel-name="chronological-RegressionSuite" class="navigator-link ">
                    <span>Chronological view</span>
                  </a> <!-- navigator-link  -->
                </li>
              </ul>
            </div> <!-- suite-section-content -->
            <div class="result-section">
              <div class="suite-section-title">
                <span>Results</span>
              </div> <!-- suite-section-title -->
              <div class="suite-section-content">
                <ul>
                  <li>
                    <span class="method-stats">24 methods, 12 failed,  12 skipped,  </span>
                  </li>
                  <li>
                    <span class="method-list-title failed">Failed methods</span>
                    <span class="show-or-hide-methods failed">
                      <a href="#" panel-name="suite-RegressionSuite" class="hide-methods failed suite-RegressionSuite"> (hide)</a> <!-- hide-methods failed suite-RegressionSuite -->
                      <a href="#" panel-name="suite-RegressionSuite" class="show-methods failed suite-RegressionSuite"> (show)</a> <!-- show-methods failed suite-RegressionSuite -->
                    </span>
                    <div class="method-list-content failed suite-RegressionSuite">
                      <span>
                        <img src="failed.png" width="3%"/>
                        <a href="#" panel-name="suite-RegressionSuite" title="tests.AmezonTest_2" class="method navigator-link" hash-for-method="verifyErrorMessageWhenPasswordFunctilotyIsUSed">verifyErrorMessageWhenPasswordFunctilotyIsUSed</a> <!-- method navigator-link -->
                      </span>
                      <br/>
                      <span>
                        <img src="failed.png" width="3%"/>
                        <a href="#" panel-name="suite-RegressionSuite" title="tests.AmezonTest_2" class="method navigator-link" hash-for-method="verifyErrorMessageWhenPasswordFunctilotyIsUSed">verifyErrorMessageWhenPasswordFunctilotyIsUSed</a> <!-- method navigator-link -->
                      </span>
                      <br/>
                      <span>
                        <img src="failed.png" width="3%"/>
                        <a href="#" panel-name="suite-RegressionSuite" title="tests.AmezonTest_2" class="method navigator-link" hash-for-method="verifyPasswordShouldBeChangedSuccessfully">verifyPasswordShouldBeChangedSuccessfully</a> <!-- method navigator-link -->
                      </span>
                      <br/>
                      <span>
                        <img src="failed.png" width="3%"/>
                        <a href="#" panel-name="suite-RegressionSuite" title="tests.AmezonTest_2" class="method navigator-link" hash-for-method="verifyPasswordShouldBeChangedSuccessfully">verifyPasswordShouldBeChangedSuccessfully</a> <!-- method navigator-link -->
                      </span>
                      <br/>
                      <span>
                        <img src="failed.png" width="3%"/>
                        <a href="#" panel-name="suite-RegressionSuite" title="tests.AmezonTest_2" class="method navigator-link" hash-for-method="verifyPasswordShouldBeChangedSuccessfully">verifyPasswordShouldBeChangedSuccessfully</a> <!-- method navigator-link -->
                      </span>
                      <br/>
                      <span>
                        <img src="failed.png" width="3%"/>
                        <a href="#" panel-name="suite-RegressionSuite" title="tests.AmezonTest_2" class="method navigator-link" hash-for-method="verifyPasswordShouldBeChangedSuccessfully">verifyPasswordShouldBeChangedSuccessfully</a> <!-- method navigator-link -->
                      </span>
                      <br/>
                      <span>
                        <img src="failed.png" width="3%"/>
                        <a href="#" panel-name="suite-RegressionSuite" title="tests.AmezonTest_2" class="method navigator-link" hash-for-method="verifyPasswordShouldBeChangedSuccessfully">verifyPasswordShouldBeChangedSuccessfully</a> <!-- method navigator-link -->
                      </span>
                      <br/>
                      <span>
                        <img src="failed.png" width="3%"/>
                        <a href="#" panel-name="suite-RegressionSuite" title="tests.AmezonTest_2" class="method navigator-link" hash-for-method="verifyPasswordShouldBeChangedSuccessfully">verifyPasswordShouldBeChangedSuccessfully</a> <!-- method navigator-link -->
                      </span>
                      <br/>
                      <span>
                        <img src="failed.png" width="3%"/>
                        <a href="#" panel-name="suite-RegressionSuite" title="tests.AmezonTest_2" class="method navigator-link" hash-for-method="verifyPasswordShouldBeChangedSuccessfully">verifyPasswordShouldBeChangedSuccessfully</a> <!-- method navigator-link -->
                      </span>
                      <br/>
                      <span>
                        <img src="failed.png" width="3%"/>
                        <a href="#" panel-name="suite-RegressionSuite" title="tests.AmezonTest_2" class="method navigator-link" hash-for-method="verifyPasswordShouldBeChangedSuccessfully">verifyPasswordShouldBeChangedSuccessfully</a> <!-- method navigator-link -->
                      </span>
                      <br/>
                      <span>
                        <img src="failed.png" width="3%"/>
                        <a href="#" panel-name="suite-RegressionSuite" title="tests.AmezonTest_2" class="method navigator-link" hash-for-method="verifyPasswordShouldBeChangedSuccessfully">verifyPasswordShouldBeChangedSuccessfully</a> <!-- method navigator-link -->
                      </span>
                      <br/>
                      <span>
                        <img src="failed.png" width="3%"/>
                        <a href="#" panel-name="suite-RegressionSuite" title="tests.AmezonTest_2" class="method navigator-link" hash-for-method="verifyPasswordShouldBeChangedSuccessfully">verifyPasswordShouldBeChangedSuccessfully</a> <!-- method navigator-link -->
                      </span>
                      <br/>
                    </div> <!-- method-list-content failed suite-RegressionSuite -->
                  </li>
                  <li>
                    <span class="method-list-title skipped">Skipped methods</span>
                    <span class="show-or-hide-methods skipped">
                      <a href="#" panel-name="suite-RegressionSuite" class="hide-methods skipped suite-RegressionSuite"> (hide)</a> <!-- hide-methods skipped suite-RegressionSuite -->
                      <a href="#" panel-name="suite-RegressionSuite" class="show-methods skipped suite-RegressionSuite"> (show)</a> <!-- show-methods skipped suite-RegressionSuite -->
                    </span>
                    <div class="method-list-content skipped suite-RegressionSuite">
                      <span>
                        <img src="skipped.png" width="3%"/>
                        <a href="#" panel-name="suite-RegressionSuite" title="tests.AmezonTest_2" class="method navigator-link" hash-for-method="verifyErrorMessageWhenPasswordFunctilotyIsUSed">verifyErrorMessageWhenPasswordFunctilotyIsUSed</a> <!-- method navigator-link -->
                      </span>
                      <br/>
                      <span>
                        <img src="skipped.png" width="3%"/>
                        <a href="#" panel-name="suite-RegressionSuite" title="tests.AmezonTest" class="method navigator-link" hash-for-method="verifyErrorMessageWhenPasswordFunctilotyIsUSed">verifyErrorMessageWhenPasswordFunctilotyIsUSed</a> <!-- method navigator-link -->
                      </span>
                      <br/>
                      <span>
                        <img src="skipped.png" width="3%"/>
                        <a href="#" panel-name="suite-RegressionSuite" title="tests.AmezonTest" class="method navigator-link" hash-for-method="verifyErrorMessageWhenPasswordFunctilotyIsUSed">verifyErrorMessageWhenPasswordFunctilotyIsUSed</a> <!-- method navigator-link -->
                      </span>
                      <br/>
                      <span>
                        <img src="skipped.png" width="3%"/>
                        <a href="#" panel-name="suite-RegressionSuite" title="tests.AmezonTest" class="method navigator-link" hash-for-method="verifyErrorMessageWhenPasswordFunctilotyIsUSed">verifyErrorMessageWhenPasswordFunctilotyIsUSed</a> <!-- method navigator-link -->
                      </span>
                      <br/>
                      <span>
                        <img src="skipped.png" width="3%"/>
                        <a href="#" panel-name="suite-RegressionSuite" title="tests.AmezonTest_2" class="method navigator-link" hash-for-method="verifyPasswordShouldBeChangedSuccessfully">verifyPasswordShouldBeChangedSuccessfully</a> <!-- method navigator-link -->
                      </span>
                      <br/>
                      <span>
                        <img src="skipped.png" width="3%"/>
                        <a href="#" panel-name="suite-RegressionSuite" title="tests.AmezonTest_2" class="method navigator-link" hash-for-method="verifyPasswordShouldBeChangedSuccessfully">verifyPasswordShouldBeChangedSuccessfully</a> <!-- method navigator-link -->
                      </span>
                      <br/>
                      <span>
                        <img src="skipped.png" width="3%"/>
                        <a href="#" panel-name="suite-RegressionSuite" title="tests.AmezonTest_2" class="method navigator-link" hash-for-method="verifyPasswordShouldBeChangedSuccessfully">verifyPasswordShouldBeChangedSuccessfully</a> <!-- method navigator-link -->
                      </span>
                      <br/>
                      <span>
                        <img src="skipped.png" width="3%"/>
                        <a href="#" panel-name="suite-RegressionSuite" title="tests.AmezonTest" class="method navigator-link" hash-for-method="verifyPasswordShouldBeChangedSuccessfully">verifyPasswordShouldBeChangedSuccessfully</a> <!-- method navigator-link -->
                      </span>
                      <br/>
                      <span>
                        <img src="skipped.png" width="3%"/>
                        <a href="#" panel-name="suite-RegressionSuite" title="tests.AmezonTest_2" class="method navigator-link" hash-for-method="verifyPasswordShouldBeChangedSuccessfully">verifyPasswordShouldBeChangedSuccessfully</a> <!-- method navigator-link -->
                      </span>
                      <br/>
                      <span>
                        <img src="skipped.png" width="3%"/>
                        <a href="#" panel-name="suite-RegressionSuite" title="tests.AmezonTest_2" class="method navigator-link" hash-for-method="verifyPasswordShouldBeChangedSuccessfully">verifyPasswordShouldBeChangedSuccessfully</a> <!-- method navigator-link -->
                      </span>
                      <br/>
                      <span>
                        <img src="skipped.png" width="3%"/>
                        <a href="#" panel-name="suite-RegressionSuite" title="tests.AmezonTest" class="method navigator-link" hash-for-method="verifyPasswordShouldBeChangedSuccessfully">verifyPasswordShouldBeChangedSuccessfully</a> <!-- method navigator-link -->
                      </span>
                      <br/>
                      <span>
                        <img src="skipped.png" width="3%"/>
                        <a href="#" panel-name="suite-RegressionSuite" title="tests.AmezonTest" class="method navigator-link" hash-for-method="verifyPasswordShouldBeChangedSuccessfully">verifyPasswordShouldBeChangedSuccessfully</a> <!-- method navigator-link -->
                      </span>
                      <br/>
                    </div> <!-- method-list-content skipped suite-RegressionSuite -->
                  </li>
                </ul>
              </div> <!-- suite-section-content -->
            </div> <!-- result-section -->
          </div> <!-- navigator-suite-content -->
        </div> <!-- rounded-window -->
      </div> <!-- suite -->
    </div> <!-- navigator-root -->
    <div class="wrapper">
      <div class="main-panel-root">
        <div panel-name="suite-RegressionSuite" class="panel RegressionSuite">
          <div class="suite-RegressionSuite-class-failed">
            <div class="main-panel-header rounded-window-top">
              <img src="failed.png"/>
              <span class="class-name">tests.AmezonTest_2</span>
            </div> <!-- main-panel-header rounded-window-top -->
            <div class="main-panel-content rounded-window-bottom">
              <div class="method">
                <div class="method-content">
                  <a name="verifyErrorMessageWhenPasswordFunctilotyIsUSed">
                  </a> <!-- verifyErrorMessageWhenPasswordFunctilotyIsUSed -->
                  <span class="method-name">verifyErrorMessageWhenPasswordFunctilotyIsUSed</span>
                  <div class="stack-trace">org.openqa.selenium.InvalidElementStateException: invalid element state
  (Session info: chrome=124.0.6367.119)
Build info: version: &apos;4.19.1&apos;, revision: &apos;abe0ee07dc&apos;
System info: os.name: &apos;Windows 11&apos;, os.arch: &apos;amd64&apos;, os.version: &apos;10.0&apos;, java.version: &apos;18.0.1.1&apos;
Driver info: org.openqa.selenium.chrome.ChromeDriver
Command: [729625451f783cbf89ec653029aad696, clearElement {id=f.99C737050280B809B77820708288259B.d.AB0B5BFCB20348B46FBBAFD110196D75.e.24}]
Capabilities {acceptInsecureCerts: false, browserName: chrome, browserVersion: 124.0.6367.119, chrome: {chromedriverVersion: 124.0.6367.155 (df4f029328b..., userDataDir: C:\Users\akash\AppData\Loca...}, fedcm:accounts: true, goog:chromeOptions: {debuggerAddress: localhost:52677}, networkConnectionEnabled: false, pageLoadStrategy: normal, platformName: windows, proxy: Proxy(), se:cdp: ws://localhost:52677/devtoo..., se:cdpVersion: 124.0.6367.119, setWindowRect: true, strictFileInteractability: false, timeouts: {implicit: 0, pageLoad: 300000, script: 30000}, unhandledPromptBehavior: dismiss and notify, webauthn:extension:credBlob: true, webauthn:extension:largeBlob: true, webauthn:extension:minPinLength: true, webauthn:extension:prf: true, webauthn:virtualAuthenticators: true}
Element: [[ChromeDriver: chrome on windows (729625451f783cbf89ec653029aad696)] -&gt; xpath: (//a[@role=&apos;button&apos;])[1]]
Session ID: 729625451f783cbf89ec653029aad696
	at org.openqa.selenium.remote.ErrorCodec.decode(ErrorCodec.java:167)
	at org.openqa.selenium.remote.codec.w3c.W3CHttpResponseCodec.decode(W3CHttpResponseCodec.java:138)
	at org.openqa.selenium.remote.codec.w3c.W3CHttpResponseCodec.decode(W3CHttpResponseCodec.java:50)
	at org.openqa.selenium.remote.HttpCommandExecutor.execute(HttpCommandExecutor.java:190)
	at org.openqa.selenium.remote.service.DriverCommandExecutor.invokeExecute(DriverCommandExecutor.java:216)
	at org.openqa.selenium.remote.service.DriverCommandExecutor.execute(DriverCommandExecutor.java:174)
	at org.openqa.selenium.remote.RemoteWebDriver.execute(RemoteWebDriver.java:518)
	at org.openqa.selenium.remote.RemoteWebElement.execute(RemoteWebElement.java:223)
	at org.openqa.selenium.remote.RemoteWebElement.clear(RemoteWebElement.java:129)
	at org.openqa.selenium.support.pagefactory.internal.LocatingElementHandler.invoke(LocatingElementHandler.java:51)
	at jdk.proxy2/jdk.proxy2.$Proxy17.clear(Unknown Source)
	at pom.ForgotPassword.clickOnCanceleButton(ForgotPassword.java:38)
	at tests.AmezonTest_2.verifyErrorMessageWhenPasswordFunctilotyIsUSed(AmezonTest_2.java:87)
	at java.base/java.util.ArrayList.forEach(ArrayList.java:1511)
	at java.base/java.util.concurrent.FutureTask.run(FutureTask.java:264)
	at java.base/java.util.concurrent.ThreadPoolExecutor.runWorker(ThreadPoolExecutor.java:1136)
	at java.base/java.util.concurrent.ThreadPoolExecutor$Worker.run(ThreadPoolExecutor.java:635)
	at java.base/java.lang.Thread.run(Thread.java:833)
... Removed 20 stack frames
</div> <!-- stack-trace -->
                </div> <!-- method-content -->
              </div> <!-- method -->
              <div class="method">
                <div class="method-content">
                  <a name="verifyErrorMessageWhenPasswordFunctilotyIsUSed">
                  </a> <!-- verifyErrorMessageWhenPasswordFunctilotyIsUSed -->
                  <span class="method-name">verifyErrorMessageWhenPasswordFunctilotyIsUSed</span>
                  <div class="stack-trace">org.openqa.selenium.InvalidElementStateException: invalid element state
  (Session info: chrome=124.0.6367.119)
Build info: version: &apos;4.19.1&apos;, revision: &apos;abe0ee07dc&apos;
System info: os.name: &apos;Windows 11&apos;, os.arch: &apos;amd64&apos;, os.version: &apos;10.0&apos;, java.version: &apos;18.0.1.1&apos;
Driver info: org.openqa.selenium.chrome.ChromeDriver
Command: [be7dbaa6ecebe2198da6efa75e5bde89, clearElement {id=f.E757FBDBBBBD0AAAD6176CBE77FEDEF7.d.BDB1BFB57BA23A2A8A2E1C27B74ECF77.e.24}]
Capabilities {acceptInsecureCerts: false, browserName: chrome, browserVersion: 124.0.6367.119, chrome: {chromedriverVersion: 124.0.6367.155 (df4f029328b..., userDataDir: C:\Users\akash\AppData\Loca...}, fedcm:accounts: true, goog:chromeOptions: {debuggerAddress: localhost:52704}, networkConnectionEnabled: false, pageLoadStrategy: normal, platformName: windows, proxy: Proxy(), se:cdp: ws://localhost:52704/devtoo..., se:cdpVersion: 124.0.6367.119, setWindowRect: true, strictFileInteractability: false, timeouts: {implicit: 0, pageLoad: 300000, script: 30000}, unhandledPromptBehavior: dismiss and notify, webauthn:extension:credBlob: true, webauthn:extension:largeBlob: true, webauthn:extension:minPinLength: true, webauthn:extension:prf: true, webauthn:virtualAuthenticators: true}
Element: [[ChromeDriver: chrome on windows (be7dbaa6ecebe2198da6efa75e5bde89)] -&gt; xpath: (//a[@role=&apos;button&apos;])[1]]
Session ID: be7dbaa6ecebe2198da6efa75e5bde89
	at org.openqa.selenium.remote.ErrorCodec.decode(ErrorCodec.java:167)
	at org.openqa.selenium.remote.codec.w3c.W3CHttpResponseCodec.decode(W3CHttpResponseCodec.java:138)
	at org.openqa.selenium.remote.codec.w3c.W3CHttpResponseCodec.decode(W3CHttpResponseCodec.java:50)
	at org.openqa.selenium.remote.HttpCommandExecutor.execute(HttpCommandExecutor.java:190)
	at org.openqa.selenium.remote.service.DriverCommandExecutor.invokeExecute(DriverCommandExecutor.java:216)
	at org.openqa.selenium.remote.service.DriverCommandExecutor.execute(DriverCommandExecutor.java:174)
	at org.openqa.selenium.remote.RemoteWebDriver.execute(RemoteWebDriver.java:518)
	at org.openqa.selenium.remote.RemoteWebElement.execute(RemoteWebElement.java:223)
	at org.openqa.selenium.remote.RemoteWebElement.clear(RemoteWebElement.java:129)
	at org.openqa.selenium.support.pagefactory.internal.LocatingElementHandler.invoke(LocatingElementHandler.java:51)
	at jdk.proxy2/jdk.proxy2.$Proxy17.clear(Unknown Source)
	at pom.ForgotPassword.clickOnCanceleButton(ForgotPassword.java:38)
	at tests.AmezonTest_2.verifyErrorMessageWhenPasswordFunctilotyIsUSed(AmezonTest_2.java:87)
	at java.base/java.util.concurrent.Executors$RunnableAdapter.call(Executors.java:539)
	at java.base/java.util.concurrent.FutureTask.run(FutureTask.java:264)
	at java.base/java.util.concurrent.ThreadPoolExecutor.runWorker(ThreadPoolExecutor.java:1136)
	at java.base/java.util.concurrent.ThreadPoolExecutor$Worker.run(ThreadPoolExecutor.java:635)
	at java.base/java.lang.Thread.run(Thread.java:833)
... Removed 16 stack frames
</div> <!-- stack-trace -->
                </div> <!-- method-content -->
              </div> <!-- method -->
              <div class="method">
                <div class="method-content">
                  <a name="verifyPasswordShouldBeChangedSuccessfully">
                  </a> <!-- verifyPasswordShouldBeChangedSuccessfully -->
                  <span class="method-name">verifyPasswordShouldBeChangedSuccessfully</span>
                  <div class="stack-trace">java.lang.Error: Unresolved compilation problem: 
	Syntax error, insert &quot;;&quot; to complete BlockStatements

	at utils.Utility.getDataExcelSheet(Utility.java:14)
	at tests.AmezonTest_2.verifyPasswordShouldBeChangedSuccessfully(AmezonTest_2.java:76)
	at java.base/java.util.ArrayList.forEach(ArrayList.java:1511)
	at java.base/java.util.concurrent.FutureTask.run(FutureTask.java:264)
	at java.base/java.util.concurrent.ThreadPoolExecutor.runWorker(ThreadPoolExecutor.java:1136)
	at java.base/java.util.concurrent.ThreadPoolExecutor$Worker.run(ThreadPoolExecutor.java:635)
	at java.base/java.lang.Thread.run(Thread.java:833)
... Removed 15 stack frames
</div> <!-- stack-trace -->
                </div> <!-- method-content -->
              </div> <!-- method -->
              <div class="method">
                <div class="method-content">
                  <a name="verifyPasswordShouldBeChangedSuccessfully">
                  </a> <!-- verifyPasswordShouldBeChangedSuccessfully -->
                  <span class="method-name">verifyPasswordShouldBeChangedSuccessfully</span>
                  <div class="stack-trace">java.lang.Error: Unresolved compilation problem: 
	Syntax error, insert &quot;;&quot; to complete BlockStatements

	at utils.Utility.getDataExcelSheet(Utility.java:14)
	at tests.AmezonTest_2.verifyPasswordShouldBeChangedSuccessfully(AmezonTest_2.java:76)
	at java.base/java.util.ArrayList.forEach(ArrayList.java:1511)
	at java.base/java.util.concurrent.FutureTask.run(FutureTask.java:264)
	at java.base/java.util.concurrent.ThreadPoolExecutor.runWorker(ThreadPoolExecutor.java:1136)
	at java.base/java.util.concurrent.ThreadPoolExecutor$Worker.run(ThreadPoolExecutor.java:635)
	at java.base/java.lang.Thread.run(Thread.java:833)
... Removed 15 stack frames
</div> <!-- stack-trace -->
                </div> <!-- method-content -->
              </div> <!-- method -->
              <div class="method">
                <div class="method-content">
                  <a name="verifyPasswordShouldBeChangedSuccessfully">
                  </a> <!-- verifyPasswordShouldBeChangedSuccessfully -->
                  <span class="method-name">verifyPasswordShouldBeChangedSuccessfully</span>
                  <div class="stack-trace">java.lang.Error: Unresolved compilation problem: 
	Syntax error, insert &quot;;&quot; to complete BlockStatements

	at utils.Utility.getDataExcelSheet(Utility.java:14)
	at tests.AmezonTest_2.verifyPasswordShouldBeChangedSuccessfully(AmezonTest_2.java:76)
	at java.base/java.util.ArrayList.forEach(ArrayList.java:1511)
	at java.base/java.util.concurrent.FutureTask.run(FutureTask.java:264)
	at java.base/java.util.concurrent.ThreadPoolExecutor.runWorker(ThreadPoolExecutor.java:1136)
	at java.base/java.util.concurrent.ThreadPoolExecutor$Worker.run(ThreadPoolExecutor.java:635)
	at java.base/java.lang.Thread.run(Thread.java:833)
... Removed 15 stack frames
</div> <!-- stack-trace -->
                </div> <!-- method-content -->
              </div> <!-- method -->
              <div class="method">
                <div class="method-content">
                  <a name="verifyPasswordShouldBeChangedSuccessfully">
                  </a> <!-- verifyPasswordShouldBeChangedSuccessfully -->
                  <span class="method-name">verifyPasswordShouldBeChangedSuccessfully</span>
                  <div class="stack-trace">java.lang.Error: Unresolved compilation problem: 
	Syntax error, insert &quot;;&quot; to complete BlockStatements

	at utils.Utility.getDataExcelSheet(Utility.java:14)
	at tests.AmezonTest_2.verifyPasswordShouldBeChangedSuccessfully(AmezonTest_2.java:76)
	at java.base/java.util.ArrayList.forEach(ArrayList.java:1511)
	at java.base/java.util.concurrent.FutureTask.run(FutureTask.java:264)
	at java.base/java.util.concurrent.ThreadPoolExecutor.runWorker(ThreadPoolExecutor.java:1136)
	at java.base/java.util.concurrent.ThreadPoolExecutor$Worker.run(ThreadPoolExecutor.java:635)
	at java.base/java.lang.Thread.run(Thread.java:833)
... Removed 15 stack frames
</div> <!-- stack-trace -->
                </div> <!-- method-content -->
              </div> <!-- method -->
              <div class="method">
                <div class="method-content">
                  <a name="verifyPasswordShouldBeChangedSuccessfully">
                  </a> <!-- verifyPasswordShouldBeChangedSuccessfully -->
                  <span class="method-name">verifyPasswordShouldBeChangedSuccessfully</span>
                  <div class="stack-trace">java.lang.Error: Unresolved compilation problem: 
	Syntax error, insert &quot;;&quot; to complete BlockStatements

	at utils.Utility.getDataExcelSheet(Utility.java:14)
	at tests.AmezonTest_2.verifyPasswordShouldBeChangedSuccessfully(AmezonTest_2.java:76)
	at java.base/java.util.ArrayList.forEach(ArrayList.java:1511)
	at java.base/java.util.concurrent.FutureTask.run(FutureTask.java:264)
	at java.base/java.util.concurrent.ThreadPoolExecutor.runWorker(ThreadPoolExecutor.java:1136)
	at java.base/java.util.concurrent.ThreadPoolExecutor$Worker.run(ThreadPoolExecutor.java:635)
	at java.base/java.lang.Thread.run(Thread.java:833)
... Removed 15 stack frames
</div> <!-- stack-trace -->
                </div> <!-- method-content -->
              </div> <!-- method -->
              <div class="method">
                <div class="method-content">
                  <a name="verifyPasswordShouldBeChangedSuccessfully">
                  </a> <!-- verifyPasswordShouldBeChangedSuccessfully -->
                  <span class="method-name">verifyPasswordShouldBeChangedSuccessfully</span>
                  <div class="stack-trace">java.lang.Error: Unresolved compilation problem: 
	Syntax error, insert &quot;;&quot; to complete BlockStatements

	at utils.Utility.getDataExcelSheet(Utility.java:14)
	at tests.AmezonTest_2.verifyPasswordShouldBeChangedSuccessfully(AmezonTest_2.java:76)
	at java.base/java.util.concurrent.Executors$RunnableAdapter.call(Executors.java:539)
	at java.base/java.util.concurrent.FutureTask.run(FutureTask.java:264)
	at java.base/java.util.concurrent.ThreadPoolExecutor.runWorker(ThreadPoolExecutor.java:1136)
	at java.base/java.util.concurrent.ThreadPoolExecutor$Worker.run(ThreadPoolExecutor.java:635)
	at java.base/java.lang.Thread.run(Thread.java:833)
... Removed 11 stack frames
</div> <!-- stack-trace -->
                </div> <!-- method-content -->
              </div> <!-- method -->
              <div class="method">
                <div class="method-content">
                  <a name="verifyPasswordShouldBeChangedSuccessfully">
                  </a> <!-- verifyPasswordShouldBeChangedSuccessfully -->
                  <span class="method-name">verifyPasswordShouldBeChangedSuccessfully</span>
                  <div class="stack-trace">java.lang.Error: Unresolved compilation problem: 
	Syntax error, insert &quot;;&quot; to complete BlockStatements

	at utils.Utility.getDataExcelSheet(Utility.java:14)
	at tests.AmezonTest_2.verifyPasswordShouldBeChangedSuccessfully(AmezonTest_2.java:76)
	at java.base/java.util.concurrent.Executors$RunnableAdapter.call(Executors.java:539)
	at java.base/java.util.concurrent.FutureTask.run(FutureTask.java:264)
	at java.base/java.util.concurrent.ThreadPoolExecutor.runWorker(ThreadPoolExecutor.java:1136)
	at java.base/java.util.concurrent.ThreadPoolExecutor$Worker.run(ThreadPoolExecutor.java:635)
	at java.base/java.lang.Thread.run(Thread.java:833)
... Removed 11 stack frames
</div> <!-- stack-trace -->
                </div> <!-- method-content -->
              </div> <!-- method -->
              <div class="method">
                <div class="method-content">
                  <a name="verifyPasswordShouldBeChangedSuccessfully">
                  </a> <!-- verifyPasswordShouldBeChangedSuccessfully -->
                  <span class="method-name">verifyPasswordShouldBeChangedSuccessfully</span>
                  <div class="stack-trace">java.lang.Error: Unresolved compilation problem: 
	Syntax error, insert &quot;;&quot; to complete BlockStatements

	at utils.Utility.getDataExcelSheet(Utility.java:14)
	at tests.AmezonTest_2.verifyPasswordShouldBeChangedSuccessfully(AmezonTest_2.java:76)
	at java.base/java.util.concurrent.Executors$RunnableAdapter.call(Executors.java:539)
	at java.base/java.util.concurrent.FutureTask.run(FutureTask.java:264)
	at java.base/java.util.concurrent.ThreadPoolExecutor.runWorker(ThreadPoolExecutor.java:1136)
	at java.base/java.util.concurrent.ThreadPoolExecutor$Worker.run(ThreadPoolExecutor.java:635)
	at java.base/java.lang.Thread.run(Thread.java:833)
... Removed 11 stack frames
</div> <!-- stack-trace -->
                </div> <!-- method-content -->
              </div> <!-- method -->
              <div class="method">
                <div class="method-content">
                  <a name="verifyPasswordShouldBeChangedSuccessfully">
                  </a> <!-- verifyPasswordShouldBeChangedSuccessfully -->
                  <span class="method-name">verifyPasswordShouldBeChangedSuccessfully</span>
                  <div class="stack-trace">java.lang.Error: Unresolved compilation problem: 
	Syntax error, insert &quot;;&quot; to complete BlockStatements

	at utils.Utility.getDataExcelSheet(Utility.java:14)
	at tests.AmezonTest_2.verifyPasswordShouldBeChangedSuccessfully(AmezonTest_2.java:76)
	at java.base/java.util.concurrent.Executors$RunnableAdapter.call(Executors.java:539)
	at java.base/java.util.concurrent.FutureTask.run(FutureTask.java:264)
	at java.base/java.util.concurrent.ThreadPoolExecutor.runWorker(ThreadPoolExecutor.java:1136)
	at java.base/java.util.concurrent.ThreadPoolExecutor$Worker.run(ThreadPoolExecutor.java:635)
	at java.base/java.lang.Thread.run(Thread.java:833)
... Removed 11 stack frames
</div> <!-- stack-trace -->
                </div> <!-- method-content -->
              </div> <!-- method -->
              <div class="method">
                <div class="method-content">
                  <a name="verifyPasswordShouldBeChangedSuccessfully">
                  </a> <!-- verifyPasswordShouldBeChangedSuccessfully -->
                  <span class="method-name">verifyPasswordShouldBeChangedSuccessfully</span>
                  <div class="stack-trace">java.lang.Error: Unresolved compilation problem: 
	Syntax error, insert &quot;;&quot; to complete BlockStatements

	at utils.Utility.getDataExcelSheet(Utility.java:14)
	at tests.AmezonTest_2.verifyPasswordShouldBeChangedSuccessfully(AmezonTest_2.java:76)
	at java.base/java.util.concurrent.Executors$RunnableAdapter.call(Executors.java:539)
	at java.base/java.util.concurrent.FutureTask.run(FutureTask.java:264)
	at java.base/java.util.concurrent.ThreadPoolExecutor.runWorker(ThreadPoolExecutor.java:1136)
	at java.base/java.util.concurrent.ThreadPoolExecutor$Worker.run(ThreadPoolExecutor.java:635)
	at java.base/java.lang.Thread.run(Thread.java:833)
... Removed 11 stack frames
</div> <!-- stack-trace -->
                </div> <!-- method-content -->
              </div> <!-- method -->
            </div> <!-- main-panel-content rounded-window-bottom -->
          </div> <!-- suite-RegressionSuite-class-failed -->
          <div class="suite-RegressionSuite-class-skipped">
            <div class="main-panel-header rounded-window-top">
              <img src="skipped.png"/>
              <span class="class-name">tests.AmezonTest_2</span>
            </div> <!-- main-panel-header rounded-window-top -->
            <div class="main-panel-content rounded-window-bottom">
              <div class="method">
                <div class="method-content">
                  <a name="verifyErrorMessageWhenPasswordFunctilotyIsUSed">
                  </a> <!-- verifyErrorMessageWhenPasswordFunctilotyIsUSed -->
                  <span class="method-name">verifyErrorMessageWhenPasswordFunctilotyIsUSed</span>
                  <div class="stack-trace">java.lang.NullPointerException: Cannot invoke &quot;org.openqa.selenium.WebDriver.manage()&quot; because &quot;this.driver&quot; is null
	at tests.AmezonTest.launchBrowser(AmezonTest.java:40)
	at java.base/java.util.concurrent.FutureTask.run(FutureTask.java:264)
	at java.base/java.util.concurrent.ThreadPoolExecutor.runWorker(ThreadPoolExecutor.java:1136)
	at java.base/java.util.concurrent.ThreadPoolExecutor$Worker.run(ThreadPoolExecutor.java:635)
	at java.base/java.lang.Thread.run(Thread.java:833)
... Removed 12 stack frames
</div> <!-- stack-trace -->
                </div> <!-- method-content -->
              </div> <!-- method -->
              <div class="method">
                <div class="method-content">
                  <a name="verifyPasswordShouldBeChangedSuccessfully">
                  </a> <!-- verifyPasswordShouldBeChangedSuccessfully -->
                  <span class="method-name">verifyPasswordShouldBeChangedSuccessfully</span>
                  <div class="stack-trace">java.lang.NullPointerException: Cannot invoke &quot;org.openqa.selenium.WebDriver.manage()&quot; because &quot;this.driver&quot; is null
	at tests.AmezonTest.launchBrowser(AmezonTest.java:40)
	at java.base/java.util.concurrent.FutureTask.run(FutureTask.java:264)
	at java.base/java.util.concurrent.ThreadPoolExecutor.runWorker(ThreadPoolExecutor.java:1136)
	at java.base/java.util.concurrent.ThreadPoolExecutor$Worker.run(ThreadPoolExecutor.java:635)
	at java.base/java.lang.Thread.run(Thread.java:833)
... Removed 12 stack frames
</div> <!-- stack-trace -->
                </div> <!-- method-content -->
              </div> <!-- method -->
              <div class="method">
                <div class="method-content">
                  <a name="verifyPasswordShouldBeChangedSuccessfully">
                  </a> <!-- verifyPasswordShouldBeChangedSuccessfully -->
                  <span class="method-name">verifyPasswordShouldBeChangedSuccessfully</span>
                  <div class="stack-trace">java.lang.NullPointerException: Cannot invoke &quot;org.openqa.selenium.WebDriver.manage()&quot; because &quot;this.driver&quot; is null
	at tests.AmezonTest.launchBrowser(AmezonTest.java:40)
	at java.base/java.util.concurrent.FutureTask.run(FutureTask.java:264)
	at java.base/java.util.concurrent.ThreadPoolExecutor.runWorker(ThreadPoolExecutor.java:1136)
	at java.base/java.util.concurrent.ThreadPoolExecutor$Worker.run(ThreadPoolExecutor.java:635)
	at java.base/java.lang.Thread.run(Thread.java:833)
... Removed 12 stack frames
</div> <!-- stack-trace -->
                </div> <!-- method-content -->
              </div> <!-- method -->
              <div class="method">
                <div class="method-content">
                  <a name="verifyPasswordShouldBeChangedSuccessfully">
                  </a> <!-- verifyPasswordShouldBeChangedSuccessfully -->
                  <span class="method-name">verifyPasswordShouldBeChangedSuccessfully</span>
                  <div class="stack-trace">java.lang.NullPointerException: Cannot invoke &quot;org.openqa.selenium.WebDriver.manage()&quot; because &quot;this.driver&quot; is null
	at tests.AmezonTest.launchBrowser(AmezonTest.java:40)
	at java.base/java.util.concurrent.FutureTask.run(FutureTask.java:264)
	at java.base/java.util.concurrent.ThreadPoolExecutor.runWorker(ThreadPoolExecutor.java:1136)
	at java.base/java.util.concurrent.ThreadPoolExecutor$Worker.run(ThreadPoolExecutor.java:635)
	at java.base/java.lang.Thread.run(Thread.java:833)
... Removed 12 stack frames
</div> <!-- stack-trace -->
                </div> <!-- method-content -->
              </div> <!-- method -->
              <div class="method">
                <div class="method-content">
                  <a name="verifyPasswordShouldBeChangedSuccessfully">
                  </a> <!-- verifyPasswordShouldBeChangedSuccessfully -->
                  <span class="method-name">verifyPasswordShouldBeChangedSuccessfully</span>
                  <div class="stack-trace">java.lang.NullPointerException: Cannot invoke &quot;org.openqa.selenium.WebDriver.manage()&quot; because &quot;this.driver&quot; is null
	at tests.AmezonTest.launchBrowser(AmezonTest.java:40)
	at java.base/java.util.concurrent.FutureTask.run(FutureTask.java:264)
	at java.base/java.util.concurrent.ThreadPoolExecutor.runWorker(ThreadPoolExecutor.java:1136)
	at java.base/java.util.concurrent.ThreadPoolExecutor$Worker.run(ThreadPoolExecutor.java:635)
	at java.base/java.lang.Thread.run(Thread.java:833)
... Removed 12 stack frames
</div> <!-- stack-trace -->
                </div> <!-- method-content -->
              </div> <!-- method -->
              <div class="method">
                <div class="method-content">
                  <a name="verifyPasswordShouldBeChangedSuccessfully">
                  </a> <!-- verifyPasswordShouldBeChangedSuccessfully -->
                  <span class="method-name">verifyPasswordShouldBeChangedSuccessfully</span>
                  <div class="stack-trace">java.lang.NullPointerException: Cannot invoke &quot;org.openqa.selenium.WebDriver.manage()&quot; because &quot;this.driver&quot; is null
	at tests.AmezonTest.launchBrowser(AmezonTest.java:40)
	at java.base/java.util.concurrent.FutureTask.run(FutureTask.java:264)
	at java.base/java.util.concurrent.ThreadPoolExecutor.runWorker(ThreadPoolExecutor.java:1136)
	at java.base/java.util.concurrent.ThreadPoolExecutor$Worker.run(ThreadPoolExecutor.java:635)
	at java.base/java.lang.Thread.run(Thread.java:833)
... Removed 12 stack frames
</div> <!-- stack-trace -->
                </div> <!-- method-content -->
              </div> <!-- method -->
            </div> <!-- main-panel-content rounded-window-bottom -->
          </div> <!-- suite-RegressionSuite-class-skipped -->
          <div class="suite-RegressionSuite-class-skipped">
            <div class="main-panel-header rounded-window-top">
              <img src="skipped.png"/>
              <span class="class-name">tests.AmezonTest</span>
            </div> <!-- main-panel-header rounded-window-top -->
            <div class="main-panel-content rounded-window-bottom">
              <div class="method">
                <div class="method-content">
                  <a name="verifyErrorMessageWhenPasswordFunctilotyIsUSed">
                  </a> <!-- verifyErrorMessageWhenPasswordFunctilotyIsUSed -->
                  <span class="method-name">verifyErrorMessageWhenPasswordFunctilotyIsUSed</span>
                  <div class="stack-trace">java.lang.NullPointerException: Cannot invoke &quot;org.openqa.selenium.WebDriver.manage()&quot; because &quot;this.driver&quot; is null
	at tests.AmezonTest.launchBrowser(AmezonTest.java:40)
	at java.base/java.util.concurrent.FutureTask.run(FutureTask.java:264)
	at java.base/java.util.concurrent.ThreadPoolExecutor.runWorker(ThreadPoolExecutor.java:1136)
	at java.base/java.util.concurrent.ThreadPoolExecutor$Worker.run(ThreadPoolExecutor.java:635)
	at java.base/java.lang.Thread.run(Thread.java:833)
... Removed 12 stack frames
</div> <!-- stack-trace -->
                </div> <!-- method-content -->
              </div> <!-- method -->
              <div class="method">
                <div class="method-content">
                  <a name="verifyErrorMessageWhenPasswordFunctilotyIsUSed">
                  </a> <!-- verifyErrorMessageWhenPasswordFunctilotyIsUSed -->
                  <span class="method-name">verifyErrorMessageWhenPasswordFunctilotyIsUSed</span>
                  <div class="stack-trace">java.lang.Error: Unresolved compilation problem: 
	Syntax error, insert &quot;;&quot; to complete BlockStatements

	at utils.Utility.getDataExcelSheet(Utility.java:14)
	at tests.AmezonTest.lauchFrogotPasswordPage(AmezonTest.java:54)
	at java.base/java.util.ArrayList.forEach(ArrayList.java:1511)
	at java.base/java.util.concurrent.FutureTask.run(FutureTask.java:264)
	at java.base/java.util.concurrent.ThreadPoolExecutor.runWorker(ThreadPoolExecutor.java:1136)
	at java.base/java.util.concurrent.ThreadPoolExecutor$Worker.run(ThreadPoolExecutor.java:635)
	at java.base/java.lang.Thread.run(Thread.java:833)
... Removed 19 stack frames
</div> <!-- stack-trace -->
                </div> <!-- method-content -->
              </div> <!-- method -->
              <div class="method">
                <div class="method-content">
                  <a name="verifyErrorMessageWhenPasswordFunctilotyIsUSed">
                  </a> <!-- verifyErrorMessageWhenPasswordFunctilotyIsUSed -->
                  <span class="method-name">verifyErrorMessageWhenPasswordFunctilotyIsUSed</span>
                  <div class="stack-trace">java.lang.Error: Unresolved compilation problem: 
	Syntax error, insert &quot;;&quot; to complete BlockStatements

	at utils.Utility.getDataExcelSheet(Utility.java:14)
	at tests.AmezonTest.lauchFrogotPasswordPage(AmezonTest.java:54)
	at java.base/java.util.concurrent.Executors$RunnableAdapter.call(Executors.java:539)
	at java.base/java.util.concurrent.FutureTask.run(FutureTask.java:264)
	at java.base/java.util.concurrent.ThreadPoolExecutor.runWorker(ThreadPoolExecutor.java:1136)
	at java.base/java.util.concurrent.ThreadPoolExecutor$Worker.run(ThreadPoolExecutor.java:635)
	at java.base/java.lang.Thread.run(Thread.java:833)
... Removed 15 stack frames
</div> <!-- stack-trace -->
                </div> <!-- method-content -->
              </div> <!-- method -->
              <div class="method">
                <div class="method-content">
                  <a name="verifyPasswordShouldBeChangedSuccessfully">
                  </a> <!-- verifyPasswordShouldBeChangedSuccessfully -->
                  <span class="method-name">verifyPasswordShouldBeChangedSuccessfully</span>
                  <div class="stack-trace">java.lang.NullPointerException: Cannot invoke &quot;org.openqa.selenium.WebDriver.manage()&quot; because &quot;this.driver&quot; is null
	at tests.AmezonTest.launchBrowser(AmezonTest.java:40)
	at java.base/java.util.concurrent.FutureTask.run(FutureTask.java:264)
	at java.base/java.util.concurrent.ThreadPoolExecutor.runWorker(ThreadPoolExecutor.java:1136)
	at java.base/java.util.concurrent.ThreadPoolExecutor$Worker.run(ThreadPoolExecutor.java:635)
	at java.base/java.lang.Thread.run(Thread.java:833)
... Removed 12 stack frames
</div> <!-- stack-trace -->
                </div> <!-- method-content -->
              </div> <!-- method -->
              <div class="method">
                <div class="method-content">
                  <a name="verifyPasswordShouldBeChangedSuccessfully">
                  </a> <!-- verifyPasswordShouldBeChangedSuccessfully -->
                  <span class="method-name">verifyPasswordShouldBeChangedSuccessfully</span>
                  <div class="stack-trace">java.lang.Error: Unresolved compilation problem: 
	Syntax error, insert &quot;;&quot; to complete BlockStatements

	at utils.Utility.getDataExcelSheet(Utility.java:14)
	at tests.AmezonTest.lauchFrogotPasswordPage(AmezonTest.java:54)
	at java.base/java.util.ArrayList.forEach(ArrayList.java:1511)
	at java.base/java.util.concurrent.FutureTask.run(FutureTask.java:264)
	at java.base/java.util.concurrent.ThreadPoolExecutor.runWorker(ThreadPoolExecutor.java:1136)
	at java.base/java.util.concurrent.ThreadPoolExecutor$Worker.run(ThreadPoolExecutor.java:635)
	at java.base/java.lang.Thread.run(Thread.java:833)
... Removed 19 stack frames
</div> <!-- stack-trace -->
                </div> <!-- method-content -->
              </div> <!-- method -->
              <div class="method">
                <div class="method-content">
                  <a name="verifyPasswordShouldBeChangedSuccessfully">
                  </a> <!-- verifyPasswordShouldBeChangedSuccessfully -->
                  <span class="method-name">verifyPasswordShouldBeChangedSuccessfully</span>
                  <div class="stack-trace">java.lang.Error: Unresolved compilation problem: 
	Syntax error, insert &quot;;&quot; to complete BlockStatements

	at utils.Utility.getDataExcelSheet(Utility.java:14)
	at tests.AmezonTest.lauchFrogotPasswordPage(AmezonTest.java:54)
	at java.base/java.util.concurrent.Executors$RunnableAdapter.call(Executors.java:539)
	at java.base/java.util.concurrent.FutureTask.run(FutureTask.java:264)
	at java.base/java.util.concurrent.ThreadPoolExecutor.runWorker(ThreadPoolExecutor.java:1136)
	at java.base/java.util.concurrent.ThreadPoolExecutor$Worker.run(ThreadPoolExecutor.java:635)
	at java.base/java.lang.Thread.run(Thread.java:833)
... Removed 15 stack frames
</div> <!-- stack-trace -->
                </div> <!-- method-content -->
              </div> <!-- method -->
            </div> <!-- main-panel-content rounded-window-bottom -->
          </div> <!-- suite-RegressionSuite-class-skipped -->
        </div> <!-- panel RegressionSuite -->
        <div panel-name="test-xml-RegressionSuite" class="panel">
          <div class="main-panel-header rounded-window-top">
            <span class="header-content">C:\Users\akash\eclipse-workspace\2024\23 Dec 2023\Facebook_Functional_Automation\regressionSuite.xml</span>
          </div> <!-- main-panel-header rounded-window-top -->
          <div class="main-panel-content rounded-window-bottom">
            <pre>
&lt;?xml version=&quot;1.0&quot; encoding=&quot;UTF-8&quot;?&gt;
&lt;!DOCTYPE suite SYSTEM &quot;https://testng.org/testng-1.0.dtd&quot;&gt;
&lt;suite thread-count=&quot;3&quot; parallel=&quot;tests&quot; name=&quot;RegressionSuite&quot; guice-stage=&quot;DEVELOPMENT&quot;&gt;
  &lt;test thread-count=&quot;2&quot; parallel=&quot;tests&quot; name=&quot;ChormeTest&quot;&gt;
    &lt;parameter name=&quot;browser&quot; value=&quot;Chrome&quot;/&gt;
    &lt;classes&gt;
      &lt;class name=&quot;tests.AmezonTest_2&quot;/&gt;
      &lt;class name=&quot;tests.AmezonTest&quot;/&gt;
    &lt;/classes&gt;
  &lt;/test&gt; &lt;!-- ChormeTest --&gt;
  &lt;test thread-count=&quot;2&quot; parallel=&quot;classes&quot; name=&quot;FirefoxTest&quot;&gt;
    &lt;parameter name=&quot;browser&quot; value=&quot;Firefox&quot;/&gt;
    &lt;classes&gt;
      &lt;class name=&quot;tests.AmezonTest_2&quot;/&gt;
      &lt;class name=&quot;tests.AmezonTest&quot;/&gt;
    &lt;/classes&gt;
  &lt;/test&gt; &lt;!-- FirefoxTest --&gt;
  &lt;test thread-count=&quot;2&quot; parallel=&quot;classes&quot; name=&quot;EdgeTest&quot;&gt;
    &lt;parameter name=&quot;browser&quot; value=&quot;Edge&quot;/&gt;
    &lt;classes&gt;
      &lt;class name=&quot;tests.AmezonTest_2&quot;/&gt;
      &lt;class name=&quot;tests.AmezonTest&quot;/&gt;
    &lt;/classes&gt;
  &lt;/test&gt; &lt;!-- EdgeTest --&gt;
&lt;/suite&gt; &lt;!-- RegressionSuite --&gt;
            </pre>
          </div> <!-- main-panel-content rounded-window-bottom -->
        </div> <!-- panel -->
        <div panel-name="testlist-RegressionSuite" class="panel">
          <div class="main-panel-header rounded-window-top">
            <span class="header-content">Tests for RegressionSuite</span>
          </div> <!-- main-panel-header rounded-window-top -->
          <div class="main-panel-content rounded-window-bottom">
            <ul>
              <li>
                <span class="test-name">ChormeTest (2 classes)</span>
              </li>
              <li>
                <span class="test-name">FirefoxTest (2 classes)</span>
              </li>
              <li>
                <span class="test-name">EdgeTest (2 classes)</span>
              </li>
            </ul>
          </div> <!-- main-panel-content rounded-window-bottom -->
        </div> <!-- panel -->
        <div panel-name="group-RegressionSuite" class="panel">
          <div class="main-panel-header rounded-window-top">
            <span class="header-content">Groups for RegressionSuite</span>
          </div> <!-- main-panel-header rounded-window-top -->
          <div class="main-panel-content rounded-window-bottom">
          </div> <!-- main-panel-content rounded-window-bottom -->
        </div> <!-- panel -->
        <div panel-name="times-RegressionSuite" class="panel">
          <div class="main-panel-header rounded-window-top">
            <span class="header-content">Times for RegressionSuite</span>
          </div> <!-- main-panel-header rounded-window-top -->
          <div class="main-panel-content rounded-window-bottom">
            <div class="times-div">
              <script type="text/javascript">
suiteTableInitFunctions.push('tableData_RegressionSuite');
function tableData_RegressionSuite() {
var data = new google.visualization.DataTable();
data.addColumn('number', 'Number');
data.addColumn('string', 'Method');
data.addColumn('string', 'Class');
data.addColumn('number', 'Time (ms)');
data.addRows(24);
data.setCell(0, 0, 0)
data.setCell(0, 1, 'verifyPasswordShouldBeChangedSuccessfully')
data.setCell(0, 2, 'tests.AmezonTest_2')
data.setCell(0, 3, 150);
data.setCell(1, 0, 1)
data.setCell(1, 1, 'verifyPasswordShouldBeChangedSuccessfully')
data.setCell(1, 2, 'tests.AmezonTest_2')
data.setCell(1, 3, 140);
data.setCell(2, 0, 2)
data.setCell(2, 1, 'verifyPasswordShouldBeChangedSuccessfully')
data.setCell(2, 2, 'tests.AmezonTest_2')
data.setCell(2, 3, 138);
data.setCell(3, 0, 3)
data.setCell(3, 1, 'verifyPasswordShouldBeChangedSuccessfully')
data.setCell(3, 2, 'tests.AmezonTest_2')
data.setCell(3, 3, 128);
data.setCell(4, 0, 4)
data.setCell(4, 1, 'verifyPasswordShouldBeChangedSuccessfully')
data.setCell(4, 2, 'tests.AmezonTest_2')
data.setCell(4, 3, 127);
data.setCell(5, 0, 5)
data.setCell(5, 1, 'verifyPasswordShouldBeChangedSuccessfully')
data.setCell(5, 2, 'tests.AmezonTest_2')
data.setCell(5, 3, 125);
data.setCell(6, 0, 6)
data.setCell(6, 1, 'verifyPasswordShouldBeChangedSuccessfully')
data.setCell(6, 2, 'tests.AmezonTest_2')
data.setCell(6, 3, 125);
data.setCell(7, 0, 7)
data.setCell(7, 1, 'verifyPasswordShouldBeChangedSuccessfully')
data.setCell(7, 2, 'tests.AmezonTest_2')
data.setCell(7, 3, 123);
data.setCell(8, 0, 8)
data.setCell(8, 1, 'verifyPasswordShouldBeChangedSuccessfully')
data.setCell(8, 2, 'tests.AmezonTest_2')
data.setCell(8, 3, 121);
data.setCell(9, 0, 9)
data.setCell(9, 1, 'verifyErrorMessageWhenPasswordFunctilotyIsUSed')
data.setCell(9, 2, 'tests.AmezonTest_2')
data.setCell(9, 3, 120);
data.setCell(10, 0, 10)
data.setCell(10, 1, 'verifyPasswordShouldBeChangedSuccessfully')
data.setCell(10, 2, 'tests.AmezonTest_2')
data.setCell(10, 3, 119);
data.setCell(11, 0, 11)
data.setCell(11, 1, 'verifyErrorMessageWhenPasswordFunctilotyIsUSed')
data.setCell(11, 2, 'tests.AmezonTest_2')
data.setCell(11, 3, 102);
data.setCell(12, 0, 12)
data.setCell(12, 1, 'verifyPasswordShouldBeChangedSuccessfully')
data.setCell(12, 2, 'tests.AmezonTest_2')
data.setCell(12, 3, 1);
data.setCell(13, 0, 13)
data.setCell(13, 1, 'verifyErrorMessageWhenPasswordFunctilotyIsUSed')
data.setCell(13, 2, 'tests.AmezonTest_2')
data.setCell(13, 3, 0);
data.setCell(14, 0, 14)
data.setCell(14, 1, 'verifyPasswordShouldBeChangedSuccessfully')
data.setCell(14, 2, 'tests.AmezonTest_2')
data.setCell(14, 3, 0);
data.setCell(15, 0, 15)
data.setCell(15, 1, 'verifyPasswordShouldBeChangedSuccessfully')
data.setCell(15, 2, 'tests.AmezonTest_2')
data.setCell(15, 3, 0);
data.setCell(16, 0, 16)
data.setCell(16, 1, 'verifyErrorMessageWhenPasswordFunctilotyIsUSed')
data.setCell(16, 2, 'tests.AmezonTest')
data.setCell(16, 3, 0);
data.setCell(17, 0, 17)
data.setCell(17, 1, 'verifyPasswordShouldBeChangedSuccessfully')
data.setCell(17, 2, 'tests.AmezonTest_2')
data.setCell(17, 3, 0);
data.setCell(18, 0, 18)
data.setCell(18, 1, 'verifyPasswordShouldBeChangedSuccessfully')
data.setCell(18, 2, 'tests.AmezonTest')
data.setCell(18, 3, 0);
data.setCell(19, 0, 19)
data.setCell(19, 1, 'verifyPasswordShouldBeChangedSuccessfully')
data.setCell(19, 2, 'tests.AmezonTest_2')
data.setCell(19, 3, 0);
data.setCell(20, 0, 20)
data.setCell(20, 1, 'verifyPasswordShouldBeChangedSuccessfully')
data.setCell(20, 2, 'tests.AmezonTest')
data.setCell(20, 3, 0);
data.setCell(21, 0, 21)
data.setCell(21, 1, 'verifyErrorMessageWhenPasswordFunctilotyIsUSed')
data.setCell(21, 2, 'tests.AmezonTest')
data.setCell(21, 3, 0);
data.setCell(22, 0, 22)
data.setCell(22, 1, 'verifyErrorMessageWhenPasswordFunctilotyIsUSed')
data.setCell(22, 2, 'tests.AmezonTest')
data.setCell(22, 3, 0);
data.setCell(23, 0, 23)
data.setCell(23, 1, 'verifyPasswordShouldBeChangedSuccessfully')
data.setCell(23, 2, 'tests.AmezonTest')
data.setCell(23, 3, 0);
window.suiteTableData['RegressionSuite']= { tableData: data, tableDiv: 'times-div-RegressionSuite'}
return data;
}
              </script>
              <span class="suite-total-time">Total running time: 26 seconds</span>
              <div id="times-div-RegressionSuite">
              </div> <!-- times-div-RegressionSuite -->
            </div> <!-- times-div -->
          </div> <!-- main-panel-content rounded-window-bottom -->
        </div> <!-- panel -->
        <div panel-name="reporter-RegressionSuite" class="panel">
          <div class="main-panel-header rounded-window-top">
            <span class="header-content">Reporter output for RegressionSuite</span>
          </div> <!-- main-panel-header rounded-window-top -->
          <div class="main-panel-content rounded-window-bottom">
          </div> <!-- main-panel-content rounded-window-bottom -->
        </div> <!-- panel -->
        <div panel-name="ignored-methods-RegressionSuite" class="panel">
          <div class="main-panel-header rounded-window-top">
            <span class="header-content">0 ignored methods</span>
          </div> <!-- main-panel-header rounded-window-top -->
          <div class="main-panel-content rounded-window-bottom">
          </div> <!-- main-panel-content rounded-window-bottom -->
        </div> <!-- panel -->
        <div panel-name="chronological-RegressionSuite" class="panel">
          <div class="main-panel-header rounded-window-top">
            <span class="header-content">Methods in chronological order</span>
          </div> <!-- main-panel-header rounded-window-top -->
          <div class="main-panel-content rounded-window-bottom">
            <div class="chronological-class">
              <div class="chronological-class-name">tests.AmezonTest</div> <!-- chronological-class-name -->
              <div class="configuration-test before">
                <span class="method-name">launchBrowser(Chrome)</span>
                <span class="method-start">0 ms</span>
              </div> <!-- configuration-test before -->
              <div class="configuration-test before">
                <span class="method-name">launchBrowser(Firefox)</span>
                <span class="method-start">0 ms</span>
              </div> <!-- configuration-test before -->
              <div class="configuration-test before">
                <img src="failed.png">
                </img>
                <span class="method-name">launchBrowser(Edge)</span>
                <span class="method-start">0 ms</span>
              </div> <!-- configuration-test before -->
            </div> <!-- chronological-class -->
            <div class="chronological-class">
              <div class="chronological-class-name">tests.AmezonTest_2</div> <!-- chronological-class-name -->
              <div class="configuration-test before">
                <span class="method-name">launchBrowser(Firefox)</span>
                <span class="method-start">4578 ms</span>
              </div> <!-- configuration-test before -->
              <div class="configuration-test before">
                <span class="method-name">launchBrowser(Chrome)</span>
                <span class="method-start">9045 ms</span>
              </div> <!-- configuration-test before -->
              <div class="configuration-class before">
                <span class="method-name">initilizePOMClasses</span>
                <span class="method-start">10106 ms</span>
              </div> <!-- configuration-class before -->
              <div class="configuration-method before">
                <span class="method-name">lauchFrogotPasswordPage</span>
                <span class="method-start">10140 ms</span>
              </div> <!-- configuration-method before -->
            </div> <!-- chronological-class -->
            <div class="chronological-class">
              <div class="chronological-class-name">tests.AmezonTest</div> <!-- chronological-class-name -->
              <div class="configuration-class before">
                <span class="method-name">initilizePOMClasses</span>
                <span class="method-start">13084 ms</span>
              </div> <!-- configuration-class before -->
            </div> <!-- chronological-class -->
            <div class="chronological-class">
              <div class="chronological-class-name">tests.AmezonTest_2</div> <!-- chronological-class-name -->
              <div class="configuration-class before">
                <span class="method-name">initilizePOMClasses</span>
                <span class="method-start">13084 ms</span>
              </div> <!-- configuration-class before -->
              <div class="configuration-method before">
                <span class="method-name">lauchFrogotPasswordPage</span>
                <span class="method-start">13086 ms</span>
              </div> <!-- configuration-method before -->
            </div> <!-- chronological-class -->
            <div class="chronological-class">
              <div class="chronological-class-name">tests.AmezonTest</div> <!-- chronological-class-name -->
              <div class="configuration-method before">
                <img src="failed.png">
                </img>
                <span class="method-name">lauchFrogotPasswordPage</span>
                <span class="method-start">13086 ms</span>
              </div> <!-- configuration-method before -->
            </div> <!-- chronological-class -->
            <div class="chronological-class">
              <div class="chronological-class-name">tests.AmezonTest_2</div> <!-- chronological-class-name -->
              <div class="test-method">
                <img src="failed.png">
                </img>
                <span class="method-name">verifyErrorMessageWhenPasswordFunctilotyIsUSed</span>
                <span class="method-start">13121 ms</span>
              </div> <!-- test-method -->
              <div class="configuration-method after">
                <span class="method-name">captureScreenshotOfFailedTest</span>
                <span class="method-start">13241 ms</span>
              </div> <!-- configuration-method after -->
              <div class="configuration-method before">
                <span class="method-name">lauchFrogotPasswordPage</span>
                <span class="method-start">13247 ms</span>
              </div> <!-- configuration-method before -->
            </div> <!-- chronological-class -->
            <div class="chronological-class">
              <div class="chronological-class-name">tests.AmezonTest</div> <!-- chronological-class-name -->
              <div class="configuration-method before">
                <span class="method-name">lauchFrogotPasswordPage</span>
                <span class="method-start">14363 ms</span>
              </div> <!-- configuration-method before -->
            </div> <!-- chronological-class -->
            <div class="chronological-class">
              <div class="chronological-class-name">tests.AmezonTest_2</div> <!-- chronological-class-name -->
              <div class="test-method">
                <img src="failed.png">
                </img>
                <span class="method-name">verifyPasswordShouldBeChangedSuccessfully</span>
                <span class="method-start">15406 ms</span>
              </div> <!-- test-method -->
              <div class="configuration-method after">
                <span class="method-name">captureScreenshotOfFailedTest</span>
                <span class="method-start">15557 ms</span>
              </div> <!-- configuration-method after -->
              <div class="configuration-method before">
                <span class="method-name">lauchFrogotPasswordPage</span>
                <span class="method-start">15558 ms</span>
              </div> <!-- configuration-method before -->
              <div class="test-method">
                <img src="failed.png">
                </img>
                <span class="method-name">verifyErrorMessageWhenPasswordFunctilotyIsUSed</span>
                <span class="method-start">15760 ms</span>
              </div> <!-- test-method -->
              <div class="configuration-method after">
                <span class="method-name">captureScreenshotOfFailedTest</span>
                <span class="method-start">15864 ms</span>
              </div> <!-- configuration-method after -->
              <div class="configuration-method before">
                <span class="method-name">lauchFrogotPasswordPage</span>
                <span class="method-start">15865 ms</span>
              </div> <!-- configuration-method before -->
              <div class="test-method">
                <img src="failed.png">
                </img>
                <span class="method-name">verifyPasswordShouldBeChangedSuccessfully</span>
                <span class="method-start">17641 ms</span>
              </div> <!-- test-method -->
              <div class="configuration-method after">
                <span class="method-name">captureScreenshotOfFailedTest</span>
                <span class="method-start">17770 ms</span>
              </div> <!-- configuration-method after -->
              <div class="configuration-method before">
                <span class="method-name">lauchFrogotPasswordPage</span>
                <span class="method-start">17771 ms</span>
              </div> <!-- configuration-method before -->
              <div class="test-method">
                <img src="failed.png">
                </img>
                <span class="method-name">verifyPasswordShouldBeChangedSuccessfully</span>
                <span class="method-start">17841 ms</span>
              </div> <!-- test-method -->
              <div class="configuration-method after">
                <span class="method-name">captureScreenshotOfFailedTest</span>
                <span class="method-start">17982 ms</span>
              </div> <!-- configuration-method after -->
              <div class="configuration-method before">
                <span class="method-name">lauchFrogotPasswordPage</span>
                <span class="method-start">17983 ms</span>
              </div> <!-- configuration-method before -->
              <div class="test-method">
                <img src="failed.png">
                </img>
                <span class="method-name">verifyPasswordShouldBeChangedSuccessfully</span>
                <span class="method-start">19970 ms</span>
              </div> <!-- test-method -->
              <div class="test-method">
                <img src="failed.png">
                </img>
                <span class="method-name">verifyPasswordShouldBeChangedSuccessfully</span>
                <span class="method-start">20080 ms</span>
              </div> <!-- test-method -->
              <div class="configuration-method after">
                <span class="method-name">captureScreenshotOfFailedTest</span>
                <span class="method-start">20098 ms</span>
              </div> <!-- configuration-method after -->
              <div class="configuration-method before">
                <span class="method-name">lauchFrogotPasswordPage</span>
                <span class="method-start">20099 ms</span>
              </div> <!-- configuration-method before -->
              <div class="configuration-method after">
                <span class="method-name">captureScreenshotOfFailedTest</span>
                <span class="method-start">20206 ms</span>
              </div> <!-- configuration-method after -->
              <div class="configuration-method before">
                <span class="method-name">lauchFrogotPasswordPage</span>
                <span class="method-start">20206 ms</span>
              </div> <!-- configuration-method before -->
              <div class="test-method">
                <img src="failed.png">
                </img>
                <span class="method-name">verifyPasswordShouldBeChangedSuccessfully</span>
                <span class="method-start">22119 ms</span>
              </div> <!-- test-method -->
              <div class="test-method">
                <img src="failed.png">
                </img>
                <span class="method-name">verifyPasswordShouldBeChangedSuccessfully</span>
                <span class="method-start">22124 ms</span>
              </div> <!-- test-method -->
              <div class="configuration-method after">
                <span class="method-name">captureScreenshotOfFailedTest</span>
                <span class="method-start">22250 ms</span>
              </div> <!-- configuration-method after -->
              <div class="configuration-method before">
                <span class="method-name">lauchFrogotPasswordPage</span>
                <span class="method-start">22251 ms</span>
              </div> <!-- configuration-method before -->
              <div class="configuration-method after">
                <span class="method-name">captureScreenshotOfFailedTest</span>
                <span class="method-start">22258 ms</span>
              </div> <!-- configuration-method after -->
              <div class="configuration-method before">
                <span class="method-name">lauchFrogotPasswordPage</span>
                <span class="method-start">22259 ms</span>
              </div> <!-- configuration-method before -->
              <div class="test-method">
                <img src="failed.png">
                </img>
                <span class="method-name">verifyPasswordShouldBeChangedSuccessfully</span>
                <span class="method-start">24512 ms</span>
              </div> <!-- test-method -->
              <div class="configuration-method after">
                <span class="method-name">captureScreenshotOfFailedTest</span>
                <span class="method-start">24634 ms</span>
              </div> <!-- configuration-method after -->
              <div class="configuration-method before">
                <span class="method-name">lauchFrogotPasswordPage</span>
                <span class="method-start">24635 ms</span>
              </div> <!-- configuration-method before -->
              <div class="test-method">
                <img src="failed.png">
                </img>
                <span class="method-name">verifyPasswordShouldBeChangedSuccessfully</span>
                <span class="method-start">24694 ms</span>
              </div> <!-- test-method -->
              <div class="configuration-method after">
                <span class="method-name">captureScreenshotOfFailedTest</span>
                <span class="method-start">24819 ms</span>
              </div> <!-- configuration-method after -->
              <div class="configuration-class after">
                <span class="method-name">afterClass</span>
                <span class="method-start">24820 ms</span>
              </div> <!-- configuration-class after -->
            </div> <!-- chronological-class -->
            <div class="chronological-class">
              <div class="chronological-class-name">tests.AmezonTest</div> <!-- chronological-class-name -->
              <div class="configuration-class before">
                <span class="method-name">initilizePOMClasses</span>
                <span class="method-start">24820 ms</span>
              </div> <!-- configuration-class before -->
              <div class="configuration-method before">
                <img src="failed.png">
                </img>
                <span class="method-name">lauchFrogotPasswordPage</span>
                <span class="method-start">24821 ms</span>
              </div> <!-- configuration-method before -->
              <div class="configuration-method before">
                <span class="method-name">lauchFrogotPasswordPage</span>
                <span class="method-start">26034 ms</span>
              </div> <!-- configuration-method before -->
            </div> <!-- chronological-class -->
            <div class="chronological-class">
              <div class="chronological-class-name">tests.AmezonTest_2</div> <!-- chronological-class-name -->
              <div class="test-method">
                <img src="failed.png">
                </img>
                <span class="method-name">verifyPasswordShouldBeChangedSuccessfully</span>
                <span class="method-start">26757 ms</span>
              </div> <!-- test-method -->
              <div class="configuration-method after">
                <span class="method-name">captureScreenshotOfFailedTest</span>
                <span class="method-start">26881 ms</span>
              </div> <!-- configuration-method after -->
              <div class="configuration-class after">
                <span class="method-name">afterClass</span>
                <span class="method-start">26881 ms</span>
              </div> <!-- configuration-class after -->
          </div> <!-- main-panel-content rounded-window-bottom -->
        </div> <!-- panel -->
      </div> <!-- main-panel-root -->
    </div> <!-- wrapper -->
  </body>
<script type="text/javascript" src="testng-reports2.js"></script>
</html>
