<?xml version="1.0" encoding="UTF-8"?>
<!-- Generated by org.testng.reporters.JUnitXMLReporter -->
<testsuite ignored="0" hostname="DESKTOP-SEKDPB4" failures="6" tests="8" name="FirefoxTest" time="26.899" errors="0" timestamp="2024-05-09T00:07:25 IST">
  <testcase classname="tests.AmezonTest" name="@BeforeTest launchBrowser" time="0.018">
    <failure type="java.lang.NullPointerException" message="Cannot invoke &amp;quot;org.openqa.selenium.WebDriver.manage()&amp;quot; because &amp;quot;this.driver&amp;quot; is null">
      <![CDATA[java.lang.NullPointerException: Cannot invoke "org.openqa.selenium.WebDriver.manage()" because "this.driver" is null
at tests.AmezonTest.launchBrowser(AmezonTest.java:40)
at java.base/java.util.concurrent.FutureTask.run(FutureTask.java:264)
at java.base/java.util.concurrent.ThreadPoolExecutor.runWorker(ThreadPoolExecutor.java:1136)
at java.base/java.util.concurrent.ThreadPoolExecutor$Worker.run(ThreadPoolExecutor.java:635)
at java.base/java.lang.Thread.run(Thread.java:833)
... Removed 12 stack frames]]>
    </failure>
  </testcase> <!-- @BeforeTest launchBrowser -->
  <testcase classname="tests.AmezonTest_2" name="@BeforeTest launchBrowser" time="0.0">
    <skipped/>
  </testcase> <!-- @BeforeTest launchBrowser -->
  <testcase classname="tests.AmezonTest_2" name="@BeforeClass initilizePOMClasses" time="0.0">
    <skipped/>
  </testcase> <!-- @BeforeClass initilizePOMClasses -->
  <testcase classname="tests.AmezonTest" name="@BeforeClass initilizePOMClasses" time="0.0">
    <skipped/>
  </testcase> <!-- @BeforeClass initilizePOMClasses -->
  <testcase classname="tests.AmezonTest" name="@BeforeMethod lauchFrogotPasswordPage" time="0.0">
    <skipped/>
  </testcase> <!-- @BeforeMethod lauchFrogotPasswordPage -->
  <testcase classname="tests.AmezonTest_2" name="@BeforeMethod lauchFrogotPasswordPage" time="0.0">
    <skipped/>
  </testcase> <!-- @BeforeMethod lauchFrogotPasswordPage -->
  <testcase classname="tests.AmezonTest" name="@AfterMethod captureScreenshotOfFailedTest" time="0.0">
    <skipped/>
  </testcase> <!-- @AfterMethod captureScreenshotOfFailedTest -->
  <testcase classname="tests.AmezonTest_2" name="@AfterMethod captureScreenshotOfFailedTest" time="0.0">
    <skipped/>
  </testcase> <!-- @AfterMethod captureScreenshotOfFailedTest -->
  <testcase classname="tests.AmezonTest" name="@BeforeMethod lauchFrogotPasswordPage" time="0.0">
    <skipped/>
  </testcase> <!-- @BeforeMethod lauchFrogotPasswordPage -->
  <testcase classname="tests.AmezonTest_2" name="@BeforeMethod lauchFrogotPasswordPage" time="0.0">
    <skipped/>
  </testcase> <!-- @BeforeMethod lauchFrogotPasswordPage -->
  <testcase classname="tests.AmezonTest" name="@AfterMethod captureScreenshotOfFailedTest" time="0.0">
    <skipped/>
  </testcase> <!-- @AfterMethod captureScreenshotOfFailedTest -->
  <testcase classname="tests.AmezonTest_2" name="@AfterMethod captureScreenshotOfFailedTest" time="0.0">
    <skipped/>
  </testcase> <!-- @AfterMethod captureScreenshotOfFailedTest -->
  <testcase classname="tests.AmezonTest" name="@AfterClass afterClass" time="0.0">
    <skipped/>
  </testcase> <!-- @AfterClass afterClass -->
  <testcase classname="tests.AmezonTest_2" name="@BeforeMethod lauchFrogotPasswordPage" time="0.0">
    <skipped/>
  </testcase> <!-- @BeforeMethod lauchFrogotPasswordPage -->
  <testcase classname="tests.AmezonTest_2" name="@AfterMethod captureScreenshotOfFailedTest" time="0.0">
    <skipped/>
  </testcase> <!-- @AfterMethod captureScreenshotOfFailedTest -->
  <testcase classname="tests.AmezonTest_2" name="@BeforeMethod lauchFrogotPasswordPage" time="0.0">
    <skipped/>
  </testcase> <!-- @BeforeMethod lauchFrogotPasswordPage -->
  <testcase classname="tests.AmezonTest_2" name="@AfterMethod captureScreenshotOfFailedTest" time="0.0">
    <skipped/>
  </testcase> <!-- @AfterMethod captureScreenshotOfFailedTest -->
  <testcase classname="tests.AmezonTest_2" name="@BeforeMethod lauchFrogotPasswordPage" time="0.0">
    <skipped/>
  </testcase> <!-- @BeforeMethod lauchFrogotPasswordPage -->
  <testcase classname="tests.AmezonTest_2" name="@AfterMethod captureScreenshotOfFailedTest" time="0.0">
    <skipped/>
  </testcase> <!-- @AfterMethod captureScreenshotOfFailedTest -->
  <testcase classname="tests.AmezonTest_2" name="@BeforeMethod lauchFrogotPasswordPage" time="0.0">
    <skipped/>
  </testcase> <!-- @BeforeMethod lauchFrogotPasswordPage -->
  <testcase classname="tests.AmezonTest_2" name="@AfterMethod captureScreenshotOfFailedTest" time="0.0">
    <skipped/>
  </testcase> <!-- @AfterMethod captureScreenshotOfFailedTest -->
  <testcase classname="tests.AmezonTest_2" name="@AfterClass afterClass" time="0.0">
    <skipped/>
  </testcase> <!-- @AfterClass afterClass -->
  <testcase classname="tests.AmezonTest" name="@AfterTest closedBrowser" time="0.0">
    <skipped/>
  </testcase> <!-- @AfterTest closedBrowser -->
  <testcase classname="tests.AmezonTest_2" name="@AfterTest closedBrowser" time="0.0">
    <skipped/>
  </testcase> <!-- @AfterTest closedBrowser -->
  <testcase classname="tests.AmezonTest" name="verifyErrorMessageWhenPasswordFunctilotyIsUSed" time="0.0">
    <skipped/>
  </testcase> <!-- verifyErrorMessageWhenPasswordFunctilotyIsUSed -->
  <testcase classname="tests.AmezonTest" name="verifyPasswordShouldBeChangedSuccessfully" time="0.0">
    <skipped/>
  </testcase> <!-- verifyPasswordShouldBeChangedSuccessfully -->
  <testcase classname="tests.AmezonTest_2" name="verifyErrorMessageWhenPasswordFunctilotyIsUSed" time="0.102">
    <failure type="org.openqa.selenium.InvalidElementStateException" message="invalid element state
  (Session info: chrome=124.0.6367.119)
Build info: version: &amp;apos;4.19.1&amp;apos;, revision: &amp;apos;abe0ee07dc&amp;apos;
System info: os.name: &amp;apos;Windows 11&amp;apos;, os.arch: &amp;apos;amd64&amp;apos;, os.version: &amp;apos;10.0&amp;apos;, java.version: &amp;apos;18.0.1.1&amp;apos;
Driver info: org.openqa.selenium.chrome.ChromeDriver
Command: [be7dbaa6ecebe2198da6efa75e5bde89, clearElement {id=f.E757FBDBBBBD0AAAD6176CBE77FEDEF7.d.BDB1BFB57BA23A2A8A2E1C27B74ECF77.e.24}]
Capabilities {acceptInsecureCerts: false, browserName: chrome, browserVersion: 124.0.6367.119, chrome: {chromedriverVersion: 124.0.6367.155 (df4f029328b..., userDataDir: C:\Users\akash\AppData\Loca...}, fedcm:accounts: true, goog:chromeOptions: {debuggerAddress: localhost:52704}, networkConnectionEnabled: false, pageLoadStrategy: normal, platformName: windows, proxy: Proxy(), se:cdp: ws://localhost:52704/devtoo..., se:cdpVersion: 124.0.6367.119, setWindowRect: true, strictFileInteractability: false, timeouts: {implicit: 0, pageLoad: 300000, script: 30000}, unhandledPromptBehavior: dismiss and notify, webauthn:extension:credBlob: true, webauthn:extension:largeBlob: true, webauthn:extension:minPinLength: true, webauthn:extension:prf: true, webauthn:virtualAuthenticators: true}
Element: [[ChromeDriver: chrome on windows (be7dbaa6ecebe2198da6efa75e5bde89)] -&amp;gt; xpath: (//a[@role=&amp;apos;button&amp;apos;])[1]]
Session ID: be7dbaa6ecebe2198da6efa75e5bde89">
      <![CDATA[org.openqa.selenium.InvalidElementStateException: invalid element state
  (Session info: chrome=124.0.6367.119)
Build info: version: '4.19.1', revision: 'abe0ee07dc'
System info: os.name: 'Windows 11', os.arch: 'amd64', os.version: '10.0', java.version: '18.0.1.1'
Driver info: org.openqa.selenium.chrome.ChromeDriver
Command: [be7dbaa6ecebe2198da6efa75e5bde89, clearElement {id=f.E757FBDBBBBD0AAAD6176CBE77FEDEF7.d.BDB1BFB57BA23A2A8A2E1C27B74ECF77.e.24}]
Capabilities {acceptInsecureCerts: false, browserName: chrome, browserVersion: 124.0.6367.119, chrome: {chromedriverVersion: 124.0.6367.155 (df4f029328b..., userDataDir: C:\Users\akash\AppData\Loca...}, fedcm:accounts: true, goog:chromeOptions: {debuggerAddress: localhost:52704}, networkConnectionEnabled: false, pageLoadStrategy: normal, platformName: windows, proxy: Proxy(), se:cdp: ws://localhost:52704/devtoo..., se:cdpVersion: 124.0.6367.119, setWindowRect: true, strictFileInteractability: false, timeouts: {implicit: 0, pageLoad: 300000, script: 30000}, unhandledPromptBehavior: dismiss and notify, webauthn:extension:credBlob: true, webauthn:extension:largeBlob: true, webauthn:extension:minPinLength: true, webauthn:extension:prf: true, webauthn:virtualAuthenticators: true}
Element: [[ChromeDriver: chrome on windows (be7dbaa6ecebe2198da6efa75e5bde89)] -> xpath: (//a[@role='button'])[1]]
Session ID: be7dbaa6ecebe2198da6efa75e5bde89
at org.openqa.selenium.remote.ErrorCodec.decode(ErrorCodec.java:167)
at org.openqa.selenium.remote.codec.w3c.W3CHttpResponseCodec.decode(W3CHttpResponseCodec.java:138)
at org.openqa.selenium.remote.codec.w3c.W3CHttpResponseCodec.decode(W3CHttpResponseCodec.java:50)
at org.openqa.selenium.remote.HttpCommandExecutor.execute(HttpCommandExecutor.java:190)
at org.openqa.selenium.remote.service.DriverCommandExecutor.invokeExecute(DriverCommandExecutor.java:216)
at org.openqa.selenium.remote.service.DriverCommandExecutor.execute(DriverCommandExecutor.java:174)
at org.openqa.selenium.remote.RemoteWebDriver.execute(RemoteWebDriver.java:518)
at org.openqa.selenium.remote.RemoteWebElement.execute(RemoteWebElement.java:223)
at org.openqa.selenium.remote.RemoteWebElement.clear(RemoteWebElement.java:129)
at org.openqa.selenium.support.pagefactory.internal.LocatingElementHandler.invoke(LocatingElementHandler.java:51)
at jdk.proxy2/jdk.proxy2.$Proxy17.clear(Unknown Source)
at pom.ForgotPassword.clickOnCanceleButton(ForgotPassword.java:38)
at tests.AmezonTest_2.verifyErrorMessageWhenPasswordFunctilotyIsUSed(AmezonTest_2.java:87)
at java.base/java.util.concurrent.Executors$RunnableAdapter.call(Executors.java:539)
at java.base/java.util.concurrent.FutureTask.run(FutureTask.java:264)
at java.base/java.util.concurrent.ThreadPoolExecutor.runWorker(ThreadPoolExecutor.java:1136)
at java.base/java.util.concurrent.ThreadPoolExecutor$Worker.run(ThreadPoolExecutor.java:635)
at java.base/java.lang.Thread.run(Thread.java:833)
... Removed 16 stack frames]]>
    </failure>
  </testcase> <!-- verifyErrorMessageWhenPasswordFunctilotyIsUSed -->
  <testcase classname="tests.AmezonTest_2" name="verifyPasswordShouldBeChangedSuccessfully" time="0.14">
    <failure type="java.lang.Error" message="Unresolved compilation problem: 
	Syntax error, insert &amp;quot;;&amp;quot; to complete BlockStatements
">
      <![CDATA[java.lang.Error: Unresolved compilation problem: 
Syntax error, insert ";" to complete BlockStatements

at utils.Utility.getDataExcelSheet(Utility.java:14)
at tests.AmezonTest_2.verifyPasswordShouldBeChangedSuccessfully(AmezonTest_2.java:76)
at java.base/java.util.concurrent.Executors$RunnableAdapter.call(Executors.java:539)
at java.base/java.util.concurrent.FutureTask.run(FutureTask.java:264)
at java.base/java.util.concurrent.ThreadPoolExecutor.runWorker(ThreadPoolExecutor.java:1136)
at java.base/java.util.concurrent.ThreadPoolExecutor$Worker.run(ThreadPoolExecutor.java:635)
at java.base/java.lang.Thread.run(Thread.java:833)
... Removed 11 stack frames]]>
    </failure>
  </testcase> <!-- verifyPasswordShouldBeChangedSuccessfully -->
  <testcase classname="tests.AmezonTest_2" name="verifyPasswordShouldBeChangedSuccessfully" time="0.125">
    <failure type="java.lang.Error" message="Unresolved compilation problem: 
	Syntax error, insert &amp;quot;;&amp;quot; to complete BlockStatements
">
      <![CDATA[java.lang.Error: Unresolved compilation problem: 
Syntax error, insert ";" to complete BlockStatements

at utils.Utility.getDataExcelSheet(Utility.java:14)
at tests.AmezonTest_2.verifyPasswordShouldBeChangedSuccessfully(AmezonTest_2.java:76)
at java.base/java.util.concurrent.Executors$RunnableAdapter.call(Executors.java:539)
at java.base/java.util.concurrent.FutureTask.run(FutureTask.java:264)
at java.base/java.util.concurrent.ThreadPoolExecutor.runWorker(ThreadPoolExecutor.java:1136)
at java.base/java.util.concurrent.ThreadPoolExecutor$Worker.run(ThreadPoolExecutor.java:635)
at java.base/java.lang.Thread.run(Thread.java:833)
... Removed 11 stack frames]]>
    </failure>
  </testcase> <!-- verifyPasswordShouldBeChangedSuccessfully -->
  <testcase classname="tests.AmezonTest_2" name="verifyPasswordShouldBeChangedSuccessfully" time="0.125">
    <failure type="java.lang.Error" message="Unresolved compilation problem: 
	Syntax error, insert &amp;quot;;&amp;quot; to complete BlockStatements
">
      <![CDATA[java.lang.Error: Unresolved compilation problem: 
Syntax error, insert ";" to complete BlockStatements

at utils.Utility.getDataExcelSheet(Utility.java:14)
at tests.AmezonTest_2.verifyPasswordShouldBeChangedSuccessfully(AmezonTest_2.java:76)
at java.base/java.util.concurrent.Executors$RunnableAdapter.call(Executors.java:539)
at java.base/java.util.concurrent.FutureTask.run(FutureTask.java:264)
at java.base/java.util.concurrent.ThreadPoolExecutor.runWorker(ThreadPoolExecutor.java:1136)
at java.base/java.util.concurrent.ThreadPoolExecutor$Worker.run(ThreadPoolExecutor.java:635)
at java.base/java.lang.Thread.run(Thread.java:833)
... Removed 11 stack frames]]>
    </failure>
  </testcase> <!-- verifyPasswordShouldBeChangedSuccessfully -->
  <testcase classname="tests.AmezonTest_2" name="verifyPasswordShouldBeChangedSuccessfully" time="0.121">
    <failure type="java.lang.Error" message="Unresolved compilation problem: 
	Syntax error, insert &amp;quot;;&amp;quot; to complete BlockStatements
">
      <![CDATA[java.lang.Error: Unresolved compilation problem: 
Syntax error, insert ";" to complete BlockStatements

at utils.Utility.getDataExcelSheet(Utility.java:14)
at tests.AmezonTest_2.verifyPasswordShouldBeChangedSuccessfully(AmezonTest_2.java:76)
at java.base/java.util.concurrent.Executors$RunnableAdapter.call(Executors.java:539)
at java.base/java.util.concurrent.FutureTask.run(FutureTask.java:264)
at java.base/java.util.concurrent.ThreadPoolExecutor.runWorker(ThreadPoolExecutor.java:1136)
at java.base/java.util.concurrent.ThreadPoolExecutor$Worker.run(ThreadPoolExecutor.java:635)
at java.base/java.lang.Thread.run(Thread.java:833)
... Removed 11 stack frames]]>
    </failure>
  </testcase> <!-- verifyPasswordShouldBeChangedSuccessfully -->
  <testcase classname="tests.AmezonTest_2" name="verifyPasswordShouldBeChangedSuccessfully" time="0.123">
    <failure type="java.lang.Error" message="Unresolved compilation problem: 
	Syntax error, insert &amp;quot;;&amp;quot; to complete BlockStatements
">
      <![CDATA[java.lang.Error: Unresolved compilation problem: 
Syntax error, insert ";" to complete BlockStatements

at utils.Utility.getDataExcelSheet(Utility.java:14)
at tests.AmezonTest_2.verifyPasswordShouldBeChangedSuccessfully(AmezonTest_2.java:76)
at java.base/java.util.concurrent.Executors$RunnableAdapter.call(Executors.java:539)
at java.base/java.util.concurrent.FutureTask.run(FutureTask.java:264)
at java.base/java.util.concurrent.ThreadPoolExecutor.runWorker(ThreadPoolExecutor.java:1136)
at java.base/java.util.concurrent.ThreadPoolExecutor$Worker.run(ThreadPoolExecutor.java:635)
at java.base/java.lang.Thread.run(Thread.java:833)
... Removed 11 stack frames]]>
    </failure>
  </testcase> <!-- verifyPasswordShouldBeChangedSuccessfully -->
</testsuite> <!-- FirefoxTest -->
