<?xml version="1.0" encoding="UTF-8"?>
<!-- Generated by org.testng.reporters.JUnitXMLReporter -->
<testsuite ignored="0" hostname="DESKTOP-SEKDPB4" failures="4" tests="4" name="Test123" time="0.116" errors="0" timestamp="2024-04-23T09:29:56 IST">
  <testcase classname="tests.TestClass" name="verifyHomePage" time="0.021">
    <failure type="java.lang.AssertionError" message="The following asserts failed:
	expected [www.facebook.com/hom] but found [www.facebook.com/home],
	expected [Facebook1- Home Pag] but found [Facebook1- Home Page]">
      <![CDATA[java.lang.AssertionError: The following asserts failed:
expected [www.facebook.com/hom] but found [www.facebook.com/home],
expected [Facebook1- Home Pag] but found [Facebook1- Home Page]
at tests.TestClass.verifyHomePage(TestClass.java:42)
at java.base/java.util.ArrayList.forEach(ArrayList.java:1511)
... Removed 27 stack frames]]>
    </failure>
  </testcase> <!-- verifyHomePage -->
  <testcase classname="tests.TestClass" name="verifySettingPage" time="0.003">
    <failure type="java.lang.AssertionError" message="The following asserts failed:
	expected [www.facebook.com/setng] but found [www.facebook.com/settig],
	expected [Facebook1- Setting] but found [Facebook1- Settng]">
      <![CDATA[java.lang.AssertionError: The following asserts failed:
expected [www.facebook.com/setng] but found [www.facebook.com/settig],
expected [Facebook1- Setting] but found [Facebook1- Settng]
at tests.TestClass.verifySettingPage(TestClass.java:55)
at java.base/java.util.ArrayList.forEach(ArrayList.java:1511)
... Removed 27 stack frames]]>
    </failure>
  </testcase> <!-- verifySettingPage -->
  <testcase classname="tests.TestClass2" name="verifyHomePage" time="0.002">
    <failure type="java.lang.AssertionError" message="The following asserts failed:
	expected [www.facebook.com/hom] but found [www.facebook.com/home],
	expected [Facebook1- Home Pag] but found [Facebook1- Home Page]">
      <![CDATA[java.lang.AssertionError: The following asserts failed:
expected [www.facebook.com/hom] but found [www.facebook.com/home],
expected [Facebook1- Home Pag] but found [Facebook1- Home Page]
at tests.TestClass2.verifyHomePage(TestClass2.java:36)
at java.base/java.util.ArrayList.forEach(ArrayList.java:1511)
... Removed 27 stack frames]]>
    </failure>
  </testcase> <!-- verifyHomePage -->
  <testcase classname="tests.TestClass2" name="verifySettingPage" time="0.003">
    <failure type="java.lang.AssertionError" message="The following asserts failed:
	expected [www.facebook.com/setng] but found [www.facebook.com/settig],
	expected [Facebook1- Setting] but found [Facebook1- Settng]">
      <![CDATA[java.lang.AssertionError: The following asserts failed:
expected [www.facebook.com/setng] but found [www.facebook.com/settig],
expected [Facebook1- Setting] but found [Facebook1- Settng]
at tests.TestClass2.verifySettingPage(TestClass2.java:49)
at java.base/java.util.ArrayList.forEach(ArrayList.java:1511)
... Removed 27 stack frames]]>
    </failure>
  </testcase> <!-- verifySettingPage -->
</testsuite> <!-- Test123 -->
